#
# A fatal error has been detected by the Java Runtime Environment:
#
#  SIGSEGV (0xb) at pc=0x0000000193c28864, pid=21217, tid=9987
#
# JRE version: Java(TM) SE Runtime Environment (17.0.4.1+1) (build 17.0.4.1+1-LTS-2)
# Java VM: Java HotSpot(TM) 64-Bit Server VM (17.0.4.1+1-LTS-2, mixed mode, emulated-client, sharing, tiered, compressed oops, compressed class ptrs, g1 gc, bsd-aarch64)
# Problematic frame:
# C  [libsystem_platform.dylib+0x1864]  _platform_strlen+0x4
#
# No core dump will be written. Core dumps have been disabled. To enable core dumping, try "ulimit -c unlimited" before starting Java again
#
# If you would like to submit a bug report, please visit:
#   https://bugreport.java.com/bugreport/crash.jsp
#

---------------  S U M M A R Y ------------

Command Line: -XX:TieredStopAtLevel=1 -Xverify:none -Dspring.output.ansi.enabled=always -javaagent:/Applications/IntelliJ IDEA.app/Contents/lib/idea_rt.jar=61894:/Applications/IntelliJ IDEA.app/Contents/bin -Dcom.sun.management.jmxremote -Dspring.jmx.enabled=true -Dspring.liveBeansView.mbeanDomain -Dspring.application.admin.enabled=true -Dfile.encoding=UTF-8 com.example.demo.DemoApplication

Host: "MacBookPro18,2" arm64 1 MHz, 10 cores, 32G, Darwin 21.6.0, macOS 12.5.1 (21G83)
Time: Fri Sep 16 17:33:54 2022 EEST elapsed time: 0.459752 seconds (0d 0h 0m 0s)

---------------  T H R E A D  ---------------

Current thread (0x000000012081f000):  JavaThread "main" [_thread_in_vm, id=9987, stack(0x000000016f824000,0x000000016fa27000)]

Stack: [0x000000016f824000,0x000000016fa27000],  sp=0x000000016fa24f10,  free space=2051k
Native frames: (J=compiled Java code, j=interpreted, Vv=VM code, C=native code)
C  [libsystem_platform.dylib+0x1864]  _platform_strlen+0x4
V  [libjvm.dylib+0x8cd7a4]  _ZN6Symbol38print_as_signature_external_parametersEP12outputStream+0x1fc
V  [libjvm.dylib+0x7557c0]  _ZN6Method19print_external_nameEP12outputStreamP5KlassP6SymbolS5_+0x64
V  [libjvm.dylib+0x67871c]  _ZN12LinkResolver14resolve_methodERK8LinkInfoN9Bytecodes4CodeEP10JavaThread+0x43c
V  [libjvm.dylib+0x679db0]  _ZN12LinkResolver30linktime_resolve_static_methodERK8LinkInfoP10JavaThread+0x48
V  [libjvm.dylib+0x679c48]  _ZN12LinkResolver19resolve_static_callER8CallInfoRK8LinkInfobP10JavaThread+0x34
V  [libjvm.dylib+0x67bbc4]  _ZN12LinkResolver14resolve_invokeER8CallInfo6HandleRK18constantPoolHandleiN9Bytecodes4CodeEP10JavaThread+0xac
V  [libjvm.dylib+0x45c528]  _ZN18InterpreterRuntime14resolve_invokeEP10JavaThreadN9Bytecodes4CodeE+0x29c
V  [libjvm.dylib+0x45cb08]  _ZN18InterpreterRuntime18resolve_from_cacheEP10JavaThreadN9Bytecodes4CodeE+0x98
j  org.springframework.boot.autoconfigure.condition.ConditionOutcome.hashCode()I+14
j  org.springframework.boot.autoconfigure.condition.ConditionEvaluationReport$ConditionAndOutcome.hashCode()I+17
J 103 c1 java.util.HashSet.add(Ljava/lang/Object;)Z java.base@17.0.4.1 (20 bytes) @ 0x000000010a16efd4 [0x000000010a16ef40+0x0000000000000094]
j  org.springframework.boot.autoconfigure.condition.ConditionEvaluationReport$ConditionAndOutcomes.add(Lorg/springframework/context/annotation/Condition;Lorg/springframework/boot/autoconfigure/condition/ConditionOutcome;)V+13
j  org.springframework.boot.autoconfigure.condition.ConditionEvaluationReport.recordConditionEvaluation(Ljava/lang/String;Lorg/springframework/context/annotation/Condition;Lorg/springframework/boot/autoconfigure/condition/ConditionOutcome;)V+75
j  org.springframework.boot.autoconfigure.condition.FilteringSpringBootCondition.match([Ljava/lang/String;Lorg/springframework/boot/autoconfigure/AutoConfigurationMetadata;)[Z+107
j  org.springframework.boot.autoconfigure.AutoConfigurationImportSelector$ConfigurationClassFilter.filter(Ljava/util/List;)Ljava/util/List;+54
j  org.springframework.boot.autoconfigure.AutoConfigurationImportSelector.getAutoConfigurationEntry(Lorg/springframework/core/type/AnnotationMetadata;)Lorg/springframework/boot/autoconfigure/AutoConfigurationImportSelector$AutoConfigurationEntry;+60
j  org.springframework.boot.autoconfigure.AutoConfigurationImportSelector$AutoConfigurationGroup.process(Lorg/springframework/core/type/AnnotationMetadata;Lorg/springframework/context/annotation/DeferredImportSelector;)V+18
j  org.springframework.context.annotation.ConfigurationClassParser$DeferredImportSelectorGrouping.getImports()Ljava/lang/Iterable;+44
j  org.springframework.context.annotation.ConfigurationClassParser$DeferredImportSelectorGroupingHandler.processGroupImports()V+40
j  org.springframework.context.annotation.ConfigurationClassParser$DeferredImportSelectorHandler.process()V+54
j  org.springframework.context.annotation.ConfigurationClassParser.parse(Ljava/util/Set;)V+171
j  org.springframework.context.annotation.ConfigurationClassPostProcessor.processConfigBeanDefinitions(Lorg/springframework/beans/factory/support/BeanDefinitionRegistry;)V+308
j  org.springframework.context.annotation.ConfigurationClassPostProcessor.postProcessBeanDefinitionRegistry(Lorg/springframework/beans/factory/support/BeanDefinitionRegistry;)V+107
j  org.springframework.context.support.PostProcessorRegistrationDelegate.invokeBeanDefinitionRegistryPostProcessors(Ljava/util/Collection;Lorg/springframework/beans/factory/support/BeanDefinitionRegistry;Lorg/springframework/core/metrics/ApplicationStartup;)V+59
j  org.springframework.context.support.PostProcessorRegistrationDelegate.invokeBeanFactoryPostProcessors(Lorg/springframework/beans/factory/config/ConfigurableListableBeanFactory;Ljava/util/List;)V+235
j  org.springframework.context.support.AbstractApplicationContext.invokeBeanFactoryPostProcessors(Lorg/springframework/beans/factory/config/ConfigurableListableBeanFactory;)V+5
j  org.springframework.context.support.AbstractApplicationContext.refresh()V+53
j  org.springframework.boot.web.servlet.context.ServletWebServerApplicationContext.refresh()V+1
j  org.springframework.boot.SpringApplication.refresh(Lorg/springframework/context/ConfigurableApplicationContext;)V+1
j  org.springframework.boot.SpringApplication.refreshContext(Lorg/springframework/context/ConfigurableApplicationContext;)V+16
j  org.springframework.boot.SpringApplication.run([Ljava/lang/String;)Lorg/springframework/context/ConfigurableApplicationContext;+107
j  org.springframework.boot.SpringApplication.run([Ljava/lang/Class;[Ljava/lang/String;)Lorg/springframework/context/ConfigurableApplicationContext;+9
j  org.springframework.boot.SpringApplication.run(Ljava/lang/Class;[Ljava/lang/String;)Lorg/springframework/context/ConfigurableApplicationContext;+9
j  com.example.demo.DemoApplication.main([Ljava/lang/String;)V+3
v  ~StubRoutines::call_stub
V  [libjvm.dylib+0x462f38]  _ZN9JavaCalls11call_helperEP9JavaValueRK12methodHandleP17JavaCallArgumentsP10JavaThread+0x38c
V  [libjvm.dylib+0x4c4b70]  _ZL17jni_invoke_staticP7JNIEnv_P9JavaValueP8_jobject11JNICallTypeP10_jmethodIDP18JNI_ArgumentPusherP10JavaThread+0x12c
V  [libjvm.dylib+0x4c7fc4]  jni_CallStaticVoidMethod+0x118
C  [libjli.dylib+0x5378]  JavaMain+0x9d4
C  [libjli.dylib+0x76e8]  ThreadJavaMain+0xc
C  [libsystem_pthread.dylib+0x726c]  _pthread_start+0x94

Java frames: (J=compiled Java code, j=interpreted, Vv=VM code)
j  org.springframework.boot.autoconfigure.condition.ConditionOutcome.hashCode()I+14
j  org.springframework.boot.autoconfigure.condition.ConditionEvaluationReport$ConditionAndOutcome.hashCode()I+17
J 103 c1 java.util.HashSet.add(Ljava/lang/Object;)Z java.base@17.0.4.1 (20 bytes) @ 0x000000010a16efd4 [0x000000010a16ef40+0x0000000000000094]
j  org.springframework.boot.autoconfigure.condition.ConditionEvaluationReport$ConditionAndOutcomes.add(Lorg/springframework/context/annotation/Condition;Lorg/springframework/boot/autoconfigure/condition/ConditionOutcome;)V+13
j  org.springframework.boot.autoconfigure.condition.ConditionEvaluationReport.recordConditionEvaluation(Ljava/lang/String;Lorg/springframework/context/annotation/Condition;Lorg/springframework/boot/autoconfigure/condition/ConditionOutcome;)V+75
j  org.springframework.boot.autoconfigure.condition.FilteringSpringBootCondition.match([Ljava/lang/String;Lorg/springframework/boot/autoconfigure/AutoConfigurationMetadata;)[Z+107
j  org.springframework.boot.autoconfigure.AutoConfigurationImportSelector$ConfigurationClassFilter.filter(Ljava/util/List;)Ljava/util/List;+54
j  org.springframework.boot.autoconfigure.AutoConfigurationImportSelector.getAutoConfigurationEntry(Lorg/springframework/core/type/AnnotationMetadata;)Lorg/springframework/boot/autoconfigure/AutoConfigurationImportSelector$AutoConfigurationEntry;+60
j  org.springframework.boot.autoconfigure.AutoConfigurationImportSelector$AutoConfigurationGroup.process(Lorg/springframework/core/type/AnnotationMetadata;Lorg/springframework/context/annotation/DeferredImportSelector;)V+18
j  org.springframework.context.annotation.ConfigurationClassParser$DeferredImportSelectorGrouping.getImports()Ljava/lang/Iterable;+44
j  org.springframework.context.annotation.ConfigurationClassParser$DeferredImportSelectorGroupingHandler.processGroupImports()V+40
j  org.springframework.context.annotation.ConfigurationClassParser$DeferredImportSelectorHandler.process()V+54
j  org.springframework.context.annotation.ConfigurationClassParser.parse(Ljava/util/Set;)V+171
j  org.springframework.context.annotation.ConfigurationClassPostProcessor.processConfigBeanDefinitions(Lorg/springframework/beans/factory/support/BeanDefinitionRegistry;)V+308
j  org.springframework.context.annotation.ConfigurationClassPostProcessor.postProcessBeanDefinitionRegistry(Lorg/springframework/beans/factory/support/BeanDefinitionRegistry;)V+107
j  org.springframework.context.support.PostProcessorRegistrationDelegate.invokeBeanDefinitionRegistryPostProcessors(Ljava/util/Collection;Lorg/springframework/beans/factory/support/BeanDefinitionRegistry;Lorg/springframework/core/metrics/ApplicationStartup;)V+59
j  org.springframework.context.support.PostProcessorRegistrationDelegate.invokeBeanFactoryPostProcessors(Lorg/springframework/beans/factory/config/ConfigurableListableBeanFactory;Ljava/util/List;)V+235
j  org.springframework.context.support.AbstractApplicationContext.invokeBeanFactoryPostProcessors(Lorg/springframework/beans/factory/config/ConfigurableListableBeanFactory;)V+5
j  org.springframework.context.support.AbstractApplicationContext.refresh()V+53
j  org.springframework.boot.web.servlet.context.ServletWebServerApplicationContext.refresh()V+1
j  org.springframework.boot.SpringApplication.refresh(Lorg/springframework/context/ConfigurableApplicationContext;)V+1
j  org.springframework.boot.SpringApplication.refreshContext(Lorg/springframework/context/ConfigurableApplicationContext;)V+16
j  org.springframework.boot.SpringApplication.run([Ljava/lang/String;)Lorg/springframework/context/ConfigurableApplicationContext;+107
j  org.springframework.boot.SpringApplication.run([Ljava/lang/Class;[Ljava/lang/String;)Lorg/springframework/context/ConfigurableApplicationContext;+9
j  org.springframework.boot.SpringApplication.run(Ljava/lang/Class;[Ljava/lang/String;)Lorg/springframework/context/ConfigurableApplicationContext;+9
j  com.example.demo.DemoApplication.main([Ljava/lang/String;)V+3
v  ~StubRoutines::call_stub

siginfo: si_signo: 11 (SIGSEGV), si_code: 2 (SEGV_ACCERR), si_addr: 0x0000000000000000

Register to memory mapping:

 x0=0x0 is NULL
 x1=0x0 is NULL
 x2=0x0000000000000025 is an unknown value
 x3=0x0 is NULL
 x4=0x00000001023349f0: _ZL18hsdis_library_name+0x3436e in /Library/Java/JavaVirtualMachines/jdk-17.0.4.1.jdk/Contents/Home/lib/server/libjvm.dylib at 0x00000001018dc000
 x5=0x000000016fa257e0 is pointing into the stack for thread: 0x000000012081f000
 x6=0x0000000000000028 is an unknown value
 x7=0x0000000000000001 is an unknown value
 x8=0x000000016fa25740 is pointing into the stack for thread: 0x000000012081f000
 x9=0x000000016fa25748 is pointing into the stack for thread: 0x000000012081f000
x10=0x0 is NULL
x11=0x00000000ffffffd3 is an unknown value
x12=0x000000008e6287fb is an unknown value
x13=0x000000000e628000 is an unknown value
x14=0x000000000e600000 is an unknown value
x15=0x00006000004b5b80 points into unknown readable memory: 0x756f000784250007 | 07 00 25 84 07 00 6f 75
x16=0x0000000193c28860: _platform_strlen+0 in /usr/lib/system/libsystem_platform.dylib at 0x0000000193c27000
x17=0x00000000000008fd is an unknown value
x18=0x0 is NULL
x19=0x000000016fa25838 is pointing into the stack for thread: 0x000000012081f000
x20=0x0 is NULL
x21=0x0 is NULL
x22=0x00000001022f98ee: _ZZN11ClassLoader24file_name_for_class_nameEPKciE12class_suffix+0x7699 in /Library/Java/JavaVirtualMachines/jdk-17.0.4.1.jdk/Contents/Home/lib/server/libjvm.dylib at 0x00000001018dc000
x23=0x00006000008003c0 points into unknown readable memory: 0x0000000000000002 | 02 00 00 00 00 00 00 00
x24=0x000000000000002e is an unknown value
x25=0x0000000102434540: type2name_tab+0 in /Library/Java/JavaVirtualMachines/jdk-17.0.4.1.jdk/Contents/Home/lib/server/libjvm.dylib at 0x00000001018dc000
x26=0x00000001022f8f16: _ZZN11ClassLoader24file_name_for_class_nameEPKciE12class_suffix+0x6cc1 in /Library/Java/JavaVirtualMachines/jdk-17.0.4.1.jdk/Contents/Home/lib/server/libjvm.dylib at 0x00000001018dc000
x27=0x0000000121004fa0 points into unknown readable memory: 0x697270732e67726f | 6f 72 67 2e 73 70 72 69
x28=0x0000000121005378 points into unknown readable memory: 0x0000000000000000 | 00 00 00 00 00 00 00 00


Registers:
 x0=0x0000000000000000  x1=0x0000000000000000  x2=0x0000000000000025  x3=0x0000000000000000
 x4=0x00000001023349f0  x5=0x000000016fa257e0  x6=0x0000000000000028  x7=0x0000000000000001
 x8=0x000000016fa25740  x9=0x000000016fa25748 x10=0x0000000000000000 x11=0x00000000ffffffd3
x12=0x000000008e6287fb x13=0x000000000e628000 x14=0x000000000e600000 x15=0x00006000004b5b80
x16=0x0000000193c28860 x17=0x00000000000008fd x18=0x0000000000000000 x19=0x000000016fa25838
x20=0x0000000000000000 x21=0x0000000000000000 x22=0x00000001022f98ee x23=0x00006000008003c0
x24=0x000000000000002e x25=0x0000000102434540 x26=0x00000001022f8f16 x27=0x0000000121004fa0
x28=0x0000000121005378  fp=0x000000016fa25730  lr=0x0000000102092888  sp=0x000000016fa24f10
pc=0x0000000193c28864 cpsr=0x0000000060001000
Top of Stack: (sp=0x000000016fa24f10)
0x000000016fa24f10:   000000016fa24f60 000000016fa25740
0x000000016fa24f20:   000000016fa25748 0000000000000000
0x000000016fa24f30:   0000000000000000 0000000000000000
0x000000016fa24f40:   0000000000000060 000000016fa25838
0x000000016fa24f50:   000000016fa24fc8 0000000000000037
0x000000016fa24f60:   000000016fa24fa0 0000000102093ca8
0x000000016fa24f70:   0000000121004f90 00006000008003c0
0x000000016fa24f80:   000000016fa25838 0000000000000000
0x000000016fa24f90:   000000016fa24fc8 000000016fa25838
0x000000016fa24fa0:   000000016fa257d0 00000001020928a0
0x000000016fa24fb0:   0000000121004f90 000000016fa257e0
0x000000016fa24fc0:   000000016fa257e0 7270732e67726f20
0x000000016fa24fd0:   656d617266676e69 6974752e6b726f77
0x000000016fa24fe0:   7463656a624f2e6c 756e2e736c697455
0x000000016fa24ff0:   6148656661536c6c 002865646f436873
0x000000016fa25000:   000000016fa25820 000060000390c048
0x000000016fa25010:   000000012081f000 0000000121005378
0x000000016fa25020:   0000000121004fa0 00006000013038c0
0x000000016fa25030:   000060000390c040 000000061fb005e8
0x000000016fa25040:   000000012081f000 00000000000003d8
0x000000016fa25050:   0000000121004f90 00006000008003c0
0x000000016fa25060:   000000016fa250d0 000000010214ae0c
0x000000016fa25070:   000000016fa25140 0000003001de3784
0x000000016fa25080:   000000016fa250d0 0000000101dd93f4
0x000000016fa25090:   0000000800344710 0000000000000001
0x000000016fa250a0:   000000016fa25088 0000000000000000
0x000000016fa250b0:   000000016fa25150 000000012081f000
0x000000016fa250c0:   000000012081f000 0000000000000001
0x000000016fa250d0:   000000016fa25140 9200800101df6134
0x000000016fa250e0:   0000000102417220 0000000000000000
0x000000016fa250f0:   000000016fa25800 0000000000000000
0x000000016fa25100:   000000016fa258c0 000000010a0d8d70 

Instructions: (pc=0x0000000193c28864)
0x0000000193c28764:   ca000000 d65f03c0 6e211c21 6e213400
0x0000000193c28774:   9cfff861 4ea11c00 6e31a800 1e260003
0x0000000193c28784:   eb02007f 54fffee2 d1004063 38636804
0x0000000193c28794:   38636825 cb050080 d65f03c0 03020100
0x0000000193c287a4:   07060504 0b0a0908 0f0e0d0c 00000000
0x0000000193c287b4:   00000000 00000000 00000000 ea01003f
0x0000000193c287c4:   540004e4 54000300 927cec02 3dc00040
0x0000000193c287d4:   10fffe63 3cc10462 92400c04 cb040063
0x0000000193c287e4:   3dc00061 4ea11c00 8b040021 14000005
0x0000000193c287f4:   d503201f d503201f d503201f 3cc10c40
0x0000000193c28804:   6e31a801 1e260023 34000123 f1004021
0x0000000193c28814:   54ffff68 cb000040 91004021 8b010000
0x0000000193c28824:   d65f03c0 aa1f03e0 d65f03c0 6e211c21
0x0000000193c28834:   6e213400 4ea21c00 6e31a801 1e260023
0x0000000193c28844:   cb000040 eb03003f 9a833021 8b010000
0x0000000193c28854:   d65f03c0 d503201f d503201f 927cec01
0x0000000193c28864:   3dc00020 10fff9c3 3cc10462 92400c02
0x0000000193c28874:   cb020063 3dc00061 4ea11c00 14000005
0x0000000193c28884:   d503201f d503201f d503201f 3cc10c20
0x0000000193c28894:   6e31a801 1e260022 35ffffa2 6e211c21
0x0000000193c288a4:   6e213400 4ea21c00 6e31a801 1e260022
0x0000000193c288b4:   cb000020 8b020000 d65f03c0 f8bfc008
0x0000000193c288c4:   92400509 f100053f 54000181 b2704fe9
0x0000000193c288d4:   f2983009 f9400129 d37ef529 cb080128
0x0000000193c288e4:   91000508 f100411f 54000063 92800008
0x0000000193c288f4:   f9000008 d65f03c0 d2800008 d53bd069
0x0000000193c28904:   f9400d23 92407c69 c8e87c09 f100011f
0x0000000193c28914:   54000041 14000002 140007a0 d503237f
0x0000000193c28924:   a9be4ff4 a9017bfd 910043fd aa0303f3
0x0000000193c28934:   aa0003f4 aa0103e0 d63f085f b2704fe8
0x0000000193c28944:   f2983008 f9400108 52800029 b37ef509
0x0000000193c28954:   f8698281 6b13003f 54000081 a9417bfd 


Stack slot to memory mapping:
stack at sp + 0 slots: 0x000000016fa24f60 is pointing into the stack for thread: 0x000000012081f000
stack at sp + 1 slots: 0x000000016fa25740 is pointing into the stack for thread: 0x000000012081f000
stack at sp + 2 slots: 0x000000016fa25748 is pointing into the stack for thread: 0x000000012081f000
stack at sp + 3 slots: 0x0 is NULL
stack at sp + 4 slots: 0x0 is NULL
stack at sp + 5 slots: 0x0 is NULL
stack at sp + 6 slots: 0x0000000000000060 is an unknown value
stack at sp + 7 slots: 0x000000016fa25838 is pointing into the stack for thread: 0x000000012081f000


---------------  P R O C E S S  ---------------

Threads class SMR info:
_java_thread_list=0x000060000069dca0, length=14, elements={
0x000000012081f000, 0x00000001200cde00, 0x00000001200d0600, 0x000000010f80a800,
0x000000010f808800, 0x000000010f808e00, 0x000000011d00a400, 0x00000001200d6400,
0x000000011d00b400, 0x000000011d00ba00, 0x00000001200d5e00, 0x000000011f88e000,
0x000000011d00d000, 0x000000012081f600
}

Java Threads: ( => current thread )
=>0x000000012081f000 JavaThread "main" [_thread_in_vm, id=9987, stack(0x000000016f824000,0x000000016fa27000)]
  0x00000001200cde00 JavaThread "Reference Handler" daemon [_thread_blocked, id=14595, stack(0x0000000170678000,0x000000017087b000)]
  0x00000001200d0600 JavaThread "Finalizer" daemon [_thread_blocked, id=15619, stack(0x0000000170884000,0x0000000170a87000)]
  0x000000010f80a800 JavaThread "Signal Dispatcher" daemon [_thread_blocked, id=41987, stack(0x0000000170ba8000,0x0000000170dab000)]
  0x000000010f808800 JavaThread "Service Thread" daemon [_thread_blocked, id=22787, stack(0x0000000170db4000,0x0000000170fb7000)]
  0x000000010f808e00 JavaThread "Monitor Deflation Thread" daemon [_thread_blocked, id=41475, stack(0x0000000170fc0000,0x00000001711c3000)]
  0x000000011d00a400 JavaThread "C1 CompilerThread0" daemon [_thread_blocked, id=23299, stack(0x00000001711cc000,0x00000001713cf000)]
  0x00000001200d6400 JavaThread "Sweeper thread" daemon [_thread_blocked, id=23811, stack(0x00000001713d8000,0x00000001715db000)]
  0x000000011d00b400 JavaThread "Common-Cleaner" daemon [_thread_blocked, id=24067, stack(0x00000001715e4000,0x00000001717e7000)]
  0x000000011d00ba00 JavaThread "C1 CompilerThread1" daemon [_thread_blocked, id=40963, stack(0x00000001717f0000,0x00000001719f3000)]
  0x00000001200d5e00 JavaThread "Monitor Ctrl-Break" daemon [_thread_in_native, id=40707, stack(0x00000001719fc000,0x0000000171bff000)]
  0x000000011f88e000 JavaThread "Notification Thread" daemon [_thread_blocked, id=40195, stack(0x0000000171c08000,0x0000000171e0b000)]
  0x000000011d00d000 JavaThread "RMI TCP Accept-0" daemon [_thread_in_native, id=24835, stack(0x0000000171e14000,0x0000000172017000)]
  0x000000012081f600 JavaThread "C1 CompilerThread2" daemon [_thread_blocked, id=39171, stack(0x000000017222c000,0x000000017242f000)]

Other Threads:
  0x000000011f70a700 VMThread "VM Thread" [stack: 0x000000017046c000,0x000000017066f000] [id=16387]
  0x000000010140a680 WatcherThread [stack: 0x0000000172020000,0x0000000172223000] [id=39683]
  0x0000000121007060 GCTaskThread "GC Thread#0" [stack: 0x000000016fa30000,0x000000016fc33000] [id=11523]
  0x000000010140f710 GCTaskThread "GC Thread#1" [stack: 0x0000000172438000,0x000000017263b000] [id=38915]
  0x000000010140fb90 GCTaskThread "GC Thread#2" [stack: 0x0000000172644000,0x0000000172847000] [id=38403]
  0x000000011f627290 GCTaskThread "GC Thread#3" [stack: 0x0000000172850000,0x0000000172a53000] [id=25603]
  0x000000011f627710 GCTaskThread "GC Thread#4" [stack: 0x0000000172a5c000,0x0000000172c5f000] [id=26115]
  0x0000000101512320 GCTaskThread "GC Thread#5" [stack: 0x0000000172c68000,0x0000000172e6b000] [id=26627]
  0x0000000101512b90 GCTaskThread "GC Thread#6" [stack: 0x0000000172e74000,0x0000000173077000] [id=37635]
  0x000000011f627b90 GCTaskThread "GC Thread#7" [stack: 0x0000000173080000,0x0000000173283000] [id=37123]
  0x0000000101410010 GCTaskThread "GC Thread#8" [stack: 0x000000017328c000,0x000000017348f000] [id=26883]
  0x0000000121007710 ConcurrentGCThread "G1 Main Marker" [stack: 0x000000016fc3c000,0x000000016fe3f000] [id=18691]
  0x0000000121007f90 ConcurrentGCThread "G1 Conc#0" [stack: 0x000000016fe48000,0x000000017004b000] [id=18179]
  0x000000011f706150 ConcurrentGCThread "G1 Refine#0" [stack: 0x0000000170054000,0x0000000170257000] [id=12547]
  0x000000011f7069f0 ConcurrentGCThread "G1 Service" [stack: 0x0000000170260000,0x0000000170463000] [id=13059]

Threads with active compile tasks:

VM state: not at safepoint (normal execution)

VM Mutex/Monitor currently owned by a thread: None

Heap address: 0x0000000600000000, size: 8192 MB, Compressed Oops mode: Zero based, Oop shift amount: 3

CDS archive(s) mapped at: [0x0000000800000000-0x0000000800bd8000-0x0000000800bd8000), size 12419072, SharedBaseAddress: 0x0000000800000000, ArchiveRelocationMode: 0.
Compressed class space mapped at: 0x0000000800c00000-0x0000000840c00000, reserved size: 1073741824
Narrow klass base: 0x0000000800000000, Narrow klass shift: 0, Narrow klass range: 0x100000000

GC Precious Log:
 CPUs: 10 total, 10 available
 Memory: 32768M
 Large Page Support: Disabled
 NUMA Support: Disabled
 Compressed Oops: Enabled (Zero based)
 Heap Region Size: 4M
 Heap Min Capacity: 8M
 Heap Initial Capacity: 512M
 Heap Max Capacity: 8G
 Pre-touch: Disabled
 Parallel Workers: 9
 Concurrent Workers: 2
 Concurrent Refinement Workers: 9
 Periodic GC: Disabled

Heap:
 garbage-first heap   total 532480K, used 14322K [0x0000000600000000, 0x0000000800000000)
  region size 4096K, 3 young (12288K), 1 survivors (4096K)
 Metaspace       used 14423K, committed 14592K, reserved 1064960K
  class space    used 1911K, committed 1984K, reserved 1048576K

Heap Regions: E=young(eden), S=young(survivor), O=old, HS=humongous(starts), HC=humongous(continues), CS=collection set, F=free, OA=open archive, CA=closed archive, TAMS=top-at-mark-start (previous, next)
|   0|0x0000000600000000, 0x0000000600400000, 0x0000000600400000|100%| O|  |TAMS 0x0000000600000000, 0x0000000600000000| Untracked 
|   1|0x0000000600400000, 0x00000006004c0800, 0x0000000600800000| 18%| O|  |TAMS 0x0000000600400000, 0x0000000600400000| Untracked 
|   2|0x0000000600800000, 0x0000000600800000, 0x0000000600c00000|  0%| F|  |TAMS 0x0000000600800000, 0x0000000600800000| Untracked 
|   3|0x0000000600c00000, 0x0000000600c00000, 0x0000000601000000|  0%| F|  |TAMS 0x0000000600c00000, 0x0000000600c00000| Untracked 
|   4|0x0000000601000000, 0x0000000601000000, 0x0000000601400000|  0%| F|  |TAMS 0x0000000601000000, 0x0000000601000000| Untracked 
|   5|0x0000000601400000, 0x0000000601400000, 0x0000000601800000|  0%| F|  |TAMS 0x0000000601400000, 0x0000000601400000| Untracked 
|   6|0x0000000601800000, 0x0000000601800000, 0x0000000601c00000|  0%| F|  |TAMS 0x0000000601800000, 0x0000000601800000| Untracked 
|   7|0x0000000601c00000, 0x0000000601c00000, 0x0000000602000000|  0%| F|  |TAMS 0x0000000601c00000, 0x0000000601c00000| Untracked 
|   8|0x0000000602000000, 0x0000000602000000, 0x0000000602400000|  0%| F|  |TAMS 0x0000000602000000, 0x0000000602000000| Untracked 
|   9|0x0000000602400000, 0x0000000602400000, 0x0000000602800000|  0%| F|  |TAMS 0x0000000602400000, 0x0000000602400000| Untracked 
|  10|0x0000000602800000, 0x0000000602800000, 0x0000000602c00000|  0%| F|  |TAMS 0x0000000602800000, 0x0000000602800000| Untracked 
|  11|0x0000000602c00000, 0x0000000602c00000, 0x0000000603000000|  0%| F|  |TAMS 0x0000000602c00000, 0x0000000602c00000| Untracked 
|  12|0x0000000603000000, 0x0000000603000000, 0x0000000603400000|  0%| F|  |TAMS 0x0000000603000000, 0x0000000603000000| Untracked 
|  13|0x0000000603400000, 0x0000000603400000, 0x0000000603800000|  0%| F|  |TAMS 0x0000000603400000, 0x0000000603400000| Untracked 
|  14|0x0000000603800000, 0x0000000603800000, 0x0000000603c00000|  0%| F|  |TAMS 0x0000000603800000, 0x0000000603800000| Untracked 
|  15|0x0000000603c00000, 0x0000000603c00000, 0x0000000604000000|  0%| F|  |TAMS 0x0000000603c00000, 0x0000000603c00000| Untracked 
|  16|0x0000000604000000, 0x0000000604000000, 0x0000000604400000|  0%| F|  |TAMS 0x0000000604000000, 0x0000000604000000| Untracked 
|  17|0x0000000604400000, 0x0000000604400000, 0x0000000604800000|  0%| F|  |TAMS 0x0000000604400000, 0x0000000604400000| Untracked 
|  18|0x0000000604800000, 0x0000000604800000, 0x0000000604c00000|  0%| F|  |TAMS 0x0000000604800000, 0x0000000604800000| Untracked 
|  19|0x0000000604c00000, 0x0000000604c00000, 0x0000000605000000|  0%| F|  |TAMS 0x0000000604c00000, 0x0000000604c00000| Untracked 
|  20|0x0000000605000000, 0x0000000605000000, 0x0000000605400000|  0%| F|  |TAMS 0x0000000605000000, 0x0000000605000000| Untracked 
|  21|0x0000000605400000, 0x0000000605400000, 0x0000000605800000|  0%| F|  |TAMS 0x0000000605400000, 0x0000000605400000| Untracked 
|  22|0x0000000605800000, 0x0000000605800000, 0x0000000605c00000|  0%| F|  |TAMS 0x0000000605800000, 0x0000000605800000| Untracked 
|  23|0x0000000605c00000, 0x0000000605c00000, 0x0000000606000000|  0%| F|  |TAMS 0x0000000605c00000, 0x0000000605c00000| Untracked 
|  24|0x0000000606000000, 0x0000000606000000, 0x0000000606400000|  0%| F|  |TAMS 0x0000000606000000, 0x0000000606000000| Untracked 
|  25|0x0000000606400000, 0x0000000606400000, 0x0000000606800000|  0%| F|  |TAMS 0x0000000606400000, 0x0000000606400000| Untracked 
|  26|0x0000000606800000, 0x0000000606800000, 0x0000000606c00000|  0%| F|  |TAMS 0x0000000606800000, 0x0000000606800000| Untracked 
|  27|0x0000000606c00000, 0x0000000606c00000, 0x0000000607000000|  0%| F|  |TAMS 0x0000000606c00000, 0x0000000606c00000| Untracked 
|  28|0x0000000607000000, 0x0000000607000000, 0x0000000607400000|  0%| F|  |TAMS 0x0000000607000000, 0x0000000607000000| Untracked 
|  29|0x0000000607400000, 0x0000000607400000, 0x0000000607800000|  0%| F|  |TAMS 0x0000000607400000, 0x0000000607400000| Untracked 
|  30|0x0000000607800000, 0x0000000607800000, 0x0000000607c00000|  0%| F|  |TAMS 0x0000000607800000, 0x0000000607800000| Untracked 
|  31|0x0000000607c00000, 0x0000000607c00000, 0x0000000608000000|  0%| F|  |TAMS 0x0000000607c00000, 0x0000000607c00000| Untracked 
|  32|0x0000000608000000, 0x0000000608000000, 0x0000000608400000|  0%| F|  |TAMS 0x0000000608000000, 0x0000000608000000| Untracked 
|  33|0x0000000608400000, 0x0000000608400000, 0x0000000608800000|  0%| F|  |TAMS 0x0000000608400000, 0x0000000608400000| Untracked 
|  34|0x0000000608800000, 0x0000000608800000, 0x0000000608c00000|  0%| F|  |TAMS 0x0000000608800000, 0x0000000608800000| Untracked 
|  35|0x0000000608c00000, 0x0000000608c00000, 0x0000000609000000|  0%| F|  |TAMS 0x0000000608c00000, 0x0000000608c00000| Untracked 
|  36|0x0000000609000000, 0x0000000609000000, 0x0000000609400000|  0%| F|  |TAMS 0x0000000609000000, 0x0000000609000000| Untracked 
|  37|0x0000000609400000, 0x0000000609400000, 0x0000000609800000|  0%| F|  |TAMS 0x0000000609400000, 0x0000000609400000| Untracked 
|  38|0x0000000609800000, 0x0000000609800000, 0x0000000609c00000|  0%| F|  |TAMS 0x0000000609800000, 0x0000000609800000| Untracked 
|  39|0x0000000609c00000, 0x0000000609c00000, 0x000000060a000000|  0%| F|  |TAMS 0x0000000609c00000, 0x0000000609c00000| Untracked 
|  40|0x000000060a000000, 0x000000060a000000, 0x000000060a400000|  0%| F|  |TAMS 0x000000060a000000, 0x000000060a000000| Untracked 
|  41|0x000000060a400000, 0x000000060a400000, 0x000000060a800000|  0%| F|  |TAMS 0x000000060a400000, 0x000000060a400000| Untracked 
|  42|0x000000060a800000, 0x000000060a800000, 0x000000060ac00000|  0%| F|  |TAMS 0x000000060a800000, 0x000000060a800000| Untracked 
|  43|0x000000060ac00000, 0x000000060ac00000, 0x000000060b000000|  0%| F|  |TAMS 0x000000060ac00000, 0x000000060ac00000| Untracked 
|  44|0x000000060b000000, 0x000000060b000000, 0x000000060b400000|  0%| F|  |TAMS 0x000000060b000000, 0x000000060b000000| Untracked 
|  45|0x000000060b400000, 0x000000060b400000, 0x000000060b800000|  0%| F|  |TAMS 0x000000060b400000, 0x000000060b400000| Untracked 
|  46|0x000000060b800000, 0x000000060b800000, 0x000000060bc00000|  0%| F|  |TAMS 0x000000060b800000, 0x000000060b800000| Untracked 
|  47|0x000000060bc00000, 0x000000060bc00000, 0x000000060c000000|  0%| F|  |TAMS 0x000000060bc00000, 0x000000060bc00000| Untracked 
|  48|0x000000060c000000, 0x000000060c000000, 0x000000060c400000|  0%| F|  |TAMS 0x000000060c000000, 0x000000060c000000| Untracked 
|  49|0x000000060c400000, 0x000000060c400000, 0x000000060c800000|  0%| F|  |TAMS 0x000000060c400000, 0x000000060c400000| Untracked 
|  50|0x000000060c800000, 0x000000060c800000, 0x000000060cc00000|  0%| F|  |TAMS 0x000000060c800000, 0x000000060c800000| Untracked 
|  51|0x000000060cc00000, 0x000000060cc00000, 0x000000060d000000|  0%| F|  |TAMS 0x000000060cc00000, 0x000000060cc00000| Untracked 
|  52|0x000000060d000000, 0x000000060d000000, 0x000000060d400000|  0%| F|  |TAMS 0x000000060d000000, 0x000000060d000000| Untracked 
|  53|0x000000060d400000, 0x000000060d400000, 0x000000060d800000|  0%| F|  |TAMS 0x000000060d400000, 0x000000060d400000| Untracked 
|  54|0x000000060d800000, 0x000000060d800000, 0x000000060dc00000|  0%| F|  |TAMS 0x000000060d800000, 0x000000060d800000| Untracked 
|  55|0x000000060dc00000, 0x000000060dc00000, 0x000000060e000000|  0%| F|  |TAMS 0x000000060dc00000, 0x000000060dc00000| Untracked 
|  56|0x000000060e000000, 0x000000060e000000, 0x000000060e400000|  0%| F|  |TAMS 0x000000060e000000, 0x000000060e000000| Untracked 
|  57|0x000000060e400000, 0x000000060e400000, 0x000000060e800000|  0%| F|  |TAMS 0x000000060e400000, 0x000000060e400000| Untracked 
|  58|0x000000060e800000, 0x000000060e800000, 0x000000060ec00000|  0%| F|  |TAMS 0x000000060e800000, 0x000000060e800000| Untracked 
|  59|0x000000060ec00000, 0x000000060ec00000, 0x000000060f000000|  0%| F|  |TAMS 0x000000060ec00000, 0x000000060ec00000| Untracked 
|  60|0x000000060f000000, 0x000000060f000000, 0x000000060f400000|  0%| F|  |TAMS 0x000000060f000000, 0x000000060f000000| Untracked 
|  61|0x000000060f400000, 0x000000060f400000, 0x000000060f800000|  0%| F|  |TAMS 0x000000060f400000, 0x000000060f400000| Untracked 
|  62|0x000000060f800000, 0x000000060f800000, 0x000000060fc00000|  0%| F|  |TAMS 0x000000060f800000, 0x000000060f800000| Untracked 
|  63|0x000000060fc00000, 0x000000060fc00000, 0x0000000610000000|  0%| F|  |TAMS 0x000000060fc00000, 0x000000060fc00000| Untracked 
|  64|0x0000000610000000, 0x0000000610000000, 0x0000000610400000|  0%| F|  |TAMS 0x0000000610000000, 0x0000000610000000| Untracked 
|  65|0x0000000610400000, 0x0000000610400000, 0x0000000610800000|  0%| F|  |TAMS 0x0000000610400000, 0x0000000610400000| Untracked 
|  66|0x0000000610800000, 0x0000000610800000, 0x0000000610c00000|  0%| F|  |TAMS 0x0000000610800000, 0x0000000610800000| Untracked 
|  67|0x0000000610c00000, 0x0000000610c00000, 0x0000000611000000|  0%| F|  |TAMS 0x0000000610c00000, 0x0000000610c00000| Untracked 
|  68|0x0000000611000000, 0x0000000611000000, 0x0000000611400000|  0%| F|  |TAMS 0x0000000611000000, 0x0000000611000000| Untracked 
|  69|0x0000000611400000, 0x0000000611400000, 0x0000000611800000|  0%| F|  |TAMS 0x0000000611400000, 0x0000000611400000| Untracked 
|  70|0x0000000611800000, 0x0000000611800000, 0x0000000611c00000|  0%| F|  |TAMS 0x0000000611800000, 0x0000000611800000| Untracked 
|  71|0x0000000611c00000, 0x0000000611c00000, 0x0000000612000000|  0%| F|  |TAMS 0x0000000611c00000, 0x0000000611c00000| Untracked 
|  72|0x0000000612000000, 0x0000000612000000, 0x0000000612400000|  0%| F|  |TAMS 0x0000000612000000, 0x0000000612000000| Untracked 
|  73|0x0000000612400000, 0x0000000612400000, 0x0000000612800000|  0%| F|  |TAMS 0x0000000612400000, 0x0000000612400000| Untracked 
|  74|0x0000000612800000, 0x0000000612800000, 0x0000000612c00000|  0%| F|  |TAMS 0x0000000612800000, 0x0000000612800000| Untracked 
|  75|0x0000000612c00000, 0x0000000612c00000, 0x0000000613000000|  0%| F|  |TAMS 0x0000000612c00000, 0x0000000612c00000| Untracked 
|  76|0x0000000613000000, 0x0000000613000000, 0x0000000613400000|  0%| F|  |TAMS 0x0000000613000000, 0x0000000613000000| Untracked 
|  77|0x0000000613400000, 0x0000000613400000, 0x0000000613800000|  0%| F|  |TAMS 0x0000000613400000, 0x0000000613400000| Untracked 
|  78|0x0000000613800000, 0x0000000613800000, 0x0000000613c00000|  0%| F|  |TAMS 0x0000000613800000, 0x0000000613800000| Untracked 
|  79|0x0000000613c00000, 0x0000000613c00000, 0x0000000614000000|  0%| F|  |TAMS 0x0000000613c00000, 0x0000000613c00000| Untracked 
|  80|0x0000000614000000, 0x0000000614000000, 0x0000000614400000|  0%| F|  |TAMS 0x0000000614000000, 0x0000000614000000| Untracked 
|  81|0x0000000614400000, 0x0000000614400000, 0x0000000614800000|  0%| F|  |TAMS 0x0000000614400000, 0x0000000614400000| Untracked 
|  82|0x0000000614800000, 0x0000000614800000, 0x0000000614c00000|  0%| F|  |TAMS 0x0000000614800000, 0x0000000614800000| Untracked 
|  83|0x0000000614c00000, 0x0000000614c00000, 0x0000000615000000|  0%| F|  |TAMS 0x0000000614c00000, 0x0000000614c00000| Untracked 
|  84|0x0000000615000000, 0x0000000615000000, 0x0000000615400000|  0%| F|  |TAMS 0x0000000615000000, 0x0000000615000000| Untracked 
|  85|0x0000000615400000, 0x0000000615400000, 0x0000000615800000|  0%| F|  |TAMS 0x0000000615400000, 0x0000000615400000| Untracked 
|  86|0x0000000615800000, 0x0000000615800000, 0x0000000615c00000|  0%| F|  |TAMS 0x0000000615800000, 0x0000000615800000| Untracked 
|  87|0x0000000615c00000, 0x0000000615c00000, 0x0000000616000000|  0%| F|  |TAMS 0x0000000615c00000, 0x0000000615c00000| Untracked 
|  88|0x0000000616000000, 0x0000000616000000, 0x0000000616400000|  0%| F|  |TAMS 0x0000000616000000, 0x0000000616000000| Untracked 
|  89|0x0000000616400000, 0x0000000616400000, 0x0000000616800000|  0%| F|  |TAMS 0x0000000616400000, 0x0000000616400000| Untracked 
|  90|0x0000000616800000, 0x0000000616800000, 0x0000000616c00000|  0%| F|  |TAMS 0x0000000616800000, 0x0000000616800000| Untracked 
|  91|0x0000000616c00000, 0x0000000616c00000, 0x0000000617000000|  0%| F|  |TAMS 0x0000000616c00000, 0x0000000616c00000| Untracked 
|  92|0x0000000617000000, 0x0000000617000000, 0x0000000617400000|  0%| F|  |TAMS 0x0000000617000000, 0x0000000617000000| Untracked 
|  93|0x0000000617400000, 0x0000000617400000, 0x0000000617800000|  0%| F|  |TAMS 0x0000000617400000, 0x0000000617400000| Untracked 
|  94|0x0000000617800000, 0x0000000617800000, 0x0000000617c00000|  0%| F|  |TAMS 0x0000000617800000, 0x0000000617800000| Untracked 
|  95|0x0000000617c00000, 0x0000000617c00000, 0x0000000618000000|  0%| F|  |TAMS 0x0000000617c00000, 0x0000000617c00000| Untracked 
|  96|0x0000000618000000, 0x0000000618000000, 0x0000000618400000|  0%| F|  |TAMS 0x0000000618000000, 0x0000000618000000| Untracked 
|  97|0x0000000618400000, 0x0000000618400000, 0x0000000618800000|  0%| F|  |TAMS 0x0000000618400000, 0x0000000618400000| Untracked 
|  98|0x0000000618800000, 0x0000000618800000, 0x0000000618c00000|  0%| F|  |TAMS 0x0000000618800000, 0x0000000618800000| Untracked 
|  99|0x0000000618c00000, 0x0000000618c00000, 0x0000000619000000|  0%| F|  |TAMS 0x0000000618c00000, 0x0000000618c00000| Untracked 
| 100|0x0000000619000000, 0x0000000619000000, 0x0000000619400000|  0%| F|  |TAMS 0x0000000619000000, 0x0000000619000000| Untracked 
| 101|0x0000000619400000, 0x0000000619400000, 0x0000000619800000|  0%| F|  |TAMS 0x0000000619400000, 0x0000000619400000| Untracked 
| 102|0x0000000619800000, 0x0000000619800000, 0x0000000619c00000|  0%| F|  |TAMS 0x0000000619800000, 0x0000000619800000| Untracked 
| 103|0x0000000619c00000, 0x0000000619c00000, 0x000000061a000000|  0%| F|  |TAMS 0x0000000619c00000, 0x0000000619c00000| Untracked 
| 104|0x000000061a000000, 0x000000061a000000, 0x000000061a400000|  0%| F|  |TAMS 0x000000061a000000, 0x000000061a000000| Untracked 
| 105|0x000000061a400000, 0x000000061a400000, 0x000000061a800000|  0%| F|  |TAMS 0x000000061a400000, 0x000000061a400000| Untracked 
| 106|0x000000061a800000, 0x000000061a800000, 0x000000061ac00000|  0%| F|  |TAMS 0x000000061a800000, 0x000000061a800000| Untracked 
| 107|0x000000061ac00000, 0x000000061ac00000, 0x000000061b000000|  0%| F|  |TAMS 0x000000061ac00000, 0x000000061ac00000| Untracked 
| 108|0x000000061b000000, 0x000000061b000000, 0x000000061b400000|  0%| F|  |TAMS 0x000000061b000000, 0x000000061b000000| Untracked 
| 109|0x000000061b400000, 0x000000061b400000, 0x000000061b800000|  0%| F|  |TAMS 0x000000061b400000, 0x000000061b400000| Untracked 
| 110|0x000000061b800000, 0x000000061b800000, 0x000000061bc00000|  0%| F|  |TAMS 0x000000061b800000, 0x000000061b800000| Untracked 
| 111|0x000000061bc00000, 0x000000061bc00000, 0x000000061c000000|  0%| F|  |TAMS 0x000000061bc00000, 0x000000061bc00000| Untracked 
| 112|0x000000061c000000, 0x000000061c000000, 0x000000061c400000|  0%| F|  |TAMS 0x000000061c000000, 0x000000061c000000| Untracked 
| 113|0x000000061c400000, 0x000000061c400000, 0x000000061c800000|  0%| F|  |TAMS 0x000000061c400000, 0x000000061c400000| Untracked 
| 114|0x000000061c800000, 0x000000061c800000, 0x000000061cc00000|  0%| F|  |TAMS 0x000000061c800000, 0x000000061c800000| Untracked 
| 115|0x000000061cc00000, 0x000000061cc00000, 0x000000061d000000|  0%| F|  |TAMS 0x000000061cc00000, 0x000000061cc00000| Untracked 
| 116|0x000000061d000000, 0x000000061d000000, 0x000000061d400000|  0%| F|  |TAMS 0x000000061d000000, 0x000000061d000000| Untracked 
| 117|0x000000061d400000, 0x000000061d400000, 0x000000061d800000|  0%| F|  |TAMS 0x000000061d400000, 0x000000061d400000| Untracked 
| 118|0x000000061d800000, 0x000000061d800000, 0x000000061dc00000|  0%| F|  |TAMS 0x000000061d800000, 0x000000061d800000| Untracked 
| 119|0x000000061dc00000, 0x000000061dc00000, 0x000000061e000000|  0%| F|  |TAMS 0x000000061dc00000, 0x000000061dc00000| Untracked 
| 120|0x000000061e000000, 0x000000061e000000, 0x000000061e400000|  0%| F|  |TAMS 0x000000061e000000, 0x000000061e000000| Untracked 
| 121|0x000000061e400000, 0x000000061e400000, 0x000000061e800000|  0%| F|  |TAMS 0x000000061e400000, 0x000000061e400000| Untracked 
| 122|0x000000061e800000, 0x000000061e9441d0, 0x000000061ec00000| 31%| S|CS|TAMS 0x000000061e800000, 0x000000061e800000| Complete 
| 123|0x000000061ec00000, 0x000000061ec00000, 0x000000061f000000|  0%| F|  |TAMS 0x000000061ec00000, 0x000000061ec00000| Untracked 
| 124|0x000000061f000000, 0x000000061f000000, 0x000000061f400000|  0%| F|  |TAMS 0x000000061f000000, 0x000000061f000000| Untracked 
| 125|0x000000061f400000, 0x000000061f400000, 0x000000061f800000|  0%| F|  |TAMS 0x000000061f400000, 0x000000061f400000| Untracked 
| 126|0x000000061f800000, 0x000000061fb0b410, 0x000000061fc00000| 76%| E|  |TAMS 0x000000061f800000, 0x000000061f800000| Complete 
| 127|0x000000061fc00000, 0x0000000620000000, 0x0000000620000000|100%| E|CS|TAMS 0x000000061fc00000, 0x000000061fc00000| Complete 
|2046|0x00000007ff800000, 0x00000007ffb78000, 0x00000007ffc00000| 86%|OA|  |TAMS 0x00000007ff800000, 0x00000007ff800000| Untracked 
|2047|0x00000007ffc00000, 0x00000007ffc80000, 0x0000000800000000| 12%|CA|  |TAMS 0x00000007ffc00000, 0x00000007ffc00000| Untracked 

Card table byte_map: [0x000000010dfc8000,0x000000010efc8000] _byte_map_base: 0x000000010afc8000

Marking Bits (Prev, Next): (CMBitMap*) 0x0000000120839a10, (CMBitMap*) 0x0000000120839a50
 Prev Bits: [0x0000000121100000, 0x0000000129100000)
 Next Bits: [0x0000000129100000, 0x0000000131100000)

Polling page: 0x00000001007ec000

Metaspace:

Usage:
  Non-class:     12.22 MB used.
      Class:      1.87 MB used.
       Both:     14.09 MB used.

Virtual space:
  Non-class space:       16.00 MB reserved,      12.31 MB ( 77%) committed,  2 nodes.
      Class space:        1.00 GB reserved,       1.94 MB ( <1%) committed,  1 nodes.
             Both:        1.02 GB reserved,      14.25 MB (  1%) committed. 

Chunk freelists:
   Non-Class:  3.64 MB
       Class:  2.06 MB
        Both:  5.70 MB

MaxMetaspaceSize: unlimited
CompressedClassSpaceSize: 1.00 GB
Initial GC threshold: 21.00 MB
Current GC threshold: 21.00 MB
CDS: on
MetaspaceReclaimPolicy: balanced
 - commit_granule_bytes: 65536.
 - commit_granule_words: 8192.
 - virtual_space_node_default_size: 1048576.
 - enlarge_chunks_in_place: 1.
 - new_chunks_are_fully_committed: 0.
 - uncommit_free_chunks: 1.
 - use_allocation_guard: 0.
 - handle_deallocations: 1.


Internal statistics:

num_allocs_failed_limit: 0.
num_arena_births: 204.
num_arena_deaths: 0.
num_vsnodes_births: 3.
num_vsnodes_deaths: 0.
num_space_committed: 228.
num_space_uncommitted: 0.
num_chunks_returned_to_freelist: 0.
num_chunks_taken_from_freelist: 607.
num_chunk_merges: 0.
num_chunk_splits: 410.
num_chunks_enlarged: 318.
num_purges: 0.
num_inconsistent_stats: 0.

CodeCache: size=49152Kb used=5148Kb max_used=5148Kb free=44003Kb
 bounds [0x0000000109fc8000, 0x000000010a4d8000, 0x000000010cfc8000]
 total_blobs=2405 nmethods=1942 adapters=392
 compilation: enabled
              stopped_count=0, restarted_count=0
 full_count=0

Compilation events (20 events):
Event: 0.450 Thread 0x000000011d00ba00 1971       1       java.util.concurrent.ConcurrentHashMap$MapEntry::<init> (20 bytes)
Event: 0.450 Thread 0x000000011d00a400 nmethod 1969 0x000000010a4ca510 code [0x000000010a4ca6c0, 0x000000010a4ca7b8]
Event: 0.450 Thread 0x000000011d00ba00 nmethod 1971 0x000000010a4ca890 code [0x000000010a4caa40, 0x000000010a4cabd8]
Event: 0.450 Thread 0x000000012081f600 nmethod 1970 0x000000010a4cac90 code [0x000000010a4cae40, 0x000000010a4cb158]
Event: 0.451 Thread 0x000000011d00a400 1973       1       java.nio.ByteOrder::nativeOrder (4 bytes)
Event: 0.451 Thread 0x000000011d00a400 nmethod 1973 0x000000010a4cb590 code [0x000000010a4cb700, 0x000000010a4cb798]
Event: 0.453 Thread 0x000000011d00ba00 1974  s    1       java.lang.Throwable::fillInStackTrace (29 bytes)
Event: 0.453 Thread 0x000000011d00ba00 nmethod 1974 0x000000010a4cbc90 code [0x000000010a4cbe40, 0x000000010a4cc078]
Event: 0.453 Thread 0x000000012081f600 1976       1       java.util.Arrays$ArrayList::iterator (12 bytes)
Event: 0.453 Thread 0x000000011d00a400 1977       1       java.util.Arrays$ArrayItr::<init> (10 bytes)
Event: 0.453 Thread 0x000000012081f600 nmethod 1976 0x000000010a4cc110 code [0x000000010a4cc2c0, 0x000000010a4cc418]
Event: 0.453 Thread 0x000000011d00a400 nmethod 1977 0x000000010a4cc490 code [0x000000010a4cc600, 0x000000010a4cc718]
Event: 0.454 Thread 0x000000011d00ba00 1978   !   1       java.lang.Class::getTypeName (59 bytes)
Event: 0.454 Thread 0x000000011d00ba00 nmethod 1978 0x000000010a4cc790 code [0x000000010a4cc9c0, 0x000000010a4ccef8]
Event: 0.456 Thread 0x000000012081f600 1979       1       java.util.ArrayDeque::addLast (51 bytes)
Event: 0.456 Thread 0x000000012081f600 nmethod 1979 0x000000010a4cd390 code [0x000000010a4cd540, 0x000000010a4cd7d8]
Event: 0.458 Thread 0x000000011d00a400 1982       1       org.springframework.util.StringUtils::delimitedListToStringArray (164 bytes)
Event: 0.458 Thread 0x000000012081f600 1981       1       org.springframework.util.StringUtils::delimitedListToStringArray (7 bytes)
Event: 0.458 Thread 0x000000012081f600 nmethod 1981 0x000000010a4cd910 code [0x000000010a4cdac0, 0x000000010a4cdb78]
Event: 0.458 Thread 0x000000011d00a400 nmethod 1982 0x000000010a4cdc10 code [0x000000010a4cdec0, 0x000000010a4ce938]

GC Heap History (4 events):
Event: 0.330 GC heap before
{Heap before GC invocations=0 (full 0):
 garbage-first heap   total 532480K, used 28640K [0x0000000600000000, 0x0000000800000000)
  region size 4096K, 6 young (24576K), 0 survivors (0K)
 Metaspace       used 8353K, committed 8576K, reserved 1056768K
  class space    used 1096K, committed 1216K, reserved 1048576K
}
Event: 0.333 GC heap after
{Heap after GC invocations=1 (full 0):
 garbage-first heap   total 532480K, used 8962K [0x0000000600000000, 0x0000000800000000)
  region size 4096K, 1 young (4096K), 1 survivors (4096K)
 Metaspace       used 8353K, committed 8576K, reserved 1056768K
  class space    used 1096K, committed 1216K, reserved 1048576K
}
Event: 0.417 GC heap before
{Heap before GC invocations=1 (full 0):
 garbage-first heap   total 532480K, used 25346K [0x0000000600000000, 0x0000000800000000)
  region size 4096K, 6 young (24576K), 1 survivors (4096K)
 Metaspace       used 13136K, committed 13376K, reserved 1064960K
  class space    used 1751K, committed 1856K, reserved 1048576K
}
Event: 0.418 GC heap after
{Heap after GC invocations=2 (full 0):
 garbage-first heap   total 532480K, used 10226K [0x0000000600000000, 0x0000000800000000)
  region size 4096K, 1 young (4096K), 1 survivors (4096K)
 Metaspace       used 13136K, committed 13376K, reserved 1064960K
  class space    used 1751K, committed 1856K, reserved 1048576K
}

Deoptimization events (8 events):
Event: 0.227 Thread 0x000000012081f000 DEOPT PACKING pc=0x000000010a1c1aa0 sp=0x000000016fa24a20
Event: 0.227 Thread 0x000000012081f000 DEOPT UNPACKING pc=0x000000010a006b7c sp=0x000000016fa246e0 mode 3
Event: 0.369 Thread 0x000000012081f000 DEOPT PACKING pc=0x000000010a328800 sp=0x000000016fa26400
Event: 0.369 Thread 0x000000012081f000 DEOPT UNPACKING pc=0x000000010a006b7c sp=0x000000016fa261a0 mode 3
Event: 0.374 Thread 0x000000011d019c00 DEOPT PACKING pc=0x000000010a1affc4 sp=0x0000000173699210
Event: 0.374 Thread 0x000000011d019c00 DEOPT UNPACKING pc=0x000000010a006b7c sp=0x0000000173698f30 mode 3
Event: 0.400 Thread 0x000000012081f000 DEOPT PACKING pc=0x000000010a47f394 sp=0x000000016fa247b0
Event: 0.400 Thread 0x000000012081f000 DEOPT UNPACKING pc=0x000000010a006b7c sp=0x000000016fa24480 mode 3

Classes unloaded (0 events):
No events

Classes redefined (0 events):
No events

Internal exceptions (20 events):
Event: 0.412 Thread 0x000000011d019c00 Exception <a 'java/lang/NoSuchMethodError'{0x000000061ef05800}: 'long java.lang.invoke.DirectMethodHandle$Holder.invokeStatic(java.lang.Object, java.lang.Object)'> (0x000000061ef05800) 
thrown [open/src/hotspot/share/interpreter/linkResolver.cpp, line 759]
Event: 0.412 Thread 0x000000011d019c00 Exception <a 'java/lang/NoSuchMethodError'{0x000000061ef08e00}: 'long java.lang.invoke.DirectMethodHandle$Holder.invokeStaticInit(java.lang.Object, java.lang.Object)'> (0x000000061ef08e00) 
thrown [open/src/hotspot/share/interpreter/linkResolver.cpp, line 759]
Event: 0.413 Thread 0x000000011d019c00 Exception <a 'java/lang/NoSuchMethodError'{0x000000061ef311d8}: 'long java.lang.invoke.DirectMethodHandle$Holder.invokeInterface(java.lang.Object, java.lang.Object)'> (0x000000061ef311d8) 
thrown [open/src/hotspot/share/interpreter/linkResolver.cpp, line 759]
Event: 0.413 Thread 0x000000011d019c00 Exception <a 'java/lang/IncompatibleClassChangeError'{0x000000061ef34768}: Found class java.lang.Object, but interface was expected> (0x000000061ef34768) 
thrown [open/src/hotspot/share/interpreter/linkResolver.cpp, line 826]
Event: 0.422 Thread 0x000000011d019c00 Exception <a 'java/lang/NoSuchMethodError'{0x000000061fcc9b60}: 'java.lang.Object java.lang.invoke.DirectMethodHandle$Holder.invokeVirtual(java.lang.Object, java.lang.Object, java.lang.Object, java.lang.Object)'> (0x000000061fcc9b60) 
thrown [open/src/hotspot/share/interpreter/linkResolver.cpp, line 759]
Event: 0.422 Thread 0x000000012081f000 Exception <a 'java/lang/ClassNotFoundException'{0x000000061fc907e8}: java/lang/ObjectCustomizer> (0x000000061fc907e8) 
thrown [open/src/hotspot/share/classfile/systemDictionary.cpp, line 256]
Event: 0.423 Thread 0x000000012081f000 Exception <a 'java/lang/IncompatibleClassChangeError'{0x000000061fc95550}: Found class java.lang.Object, but interface was expected> (0x000000061fc95550) 
thrown [open/src/hotspot/share/interpreter/linkResolver.cpp, line 826]
Event: 0.424 Thread 0x000000012081f000 Exception <a 'java/lang/ClassNotFoundException'{0x000000061fca8f20}: org/springframework/context/annotation/ConfigurationClassPostProcessorCustomizer> (0x000000061fca8f20) 
thrown [open/src/hotspot/share/classfile/systemDictionary.cpp, line 256]
Event: 0.427 Thread 0x000000012081f000 Exception <a 'java/lang/ClassNotFoundException'{0x000000061fd57880}: org/springframework/beans/factory/support/BeanDefinitionRegistryPostProcessorCustomizer> (0x000000061fd57880) 
thrown [open/src/hotspot/share/classfile/systemDictionary.cpp, line 256]
Event: 0.427 Thread 0x000000012081f000 Exception <a 'java/lang/ClassNotFoundException'{0x000000061fd5c700}: org/springframework/beans/factory/config/BeanFactoryPostProcessorCustomizer> (0x000000061fd5c700) 
thrown [open/src/hotspot/share/classfile/systemDictionary.cpp, line 256]
Event: 0.427 Thread 0x000000012081f000 Exception <a 'java/lang/ClassNotFoundException'{0x000000061fd61228}: org/springframework/core/PriorityOrderedCustomizer> (0x000000061fd61228) 
thrown [open/src/hotspot/share/classfile/systemDictionary.cpp, line 256]
Event: 0.427 Thread 0x000000012081f000 Exception <a 'java/lang/ClassNotFoundException'{0x000000061fd649e8}: org/springframework/core/OrderedCustomizer> (0x000000061fd649e8) 
thrown [open/src/hotspot/share/classfile/systemDictionary.cpp, line 256]
Event: 0.427 Thread 0x000000012081f000 Exception <a 'java/lang/ClassNotFoundException'{0x000000061fd69350}: org/springframework/context/ResourceLoaderAwareCustomizer> (0x000000061fd69350) 
thrown [open/src/hotspot/share/classfile/systemDictionary.cpp, line 256]
Event: 0.427 Thread 0x000000012081f000 Exception <a 'java/lang/ClassNotFoundException'{0x000000061fd6de50}: org/springframework/beans/factory/AwareCustomizer> (0x000000061fd6de50) 
thrown [open/src/hotspot/share/classfile/systemDictionary.cpp, line 256]
Event: 0.427 Thread 0x000000012081f000 Exception <a 'java/lang/ClassNotFoundException'{0x000000061fd71ae8}: org/springframework/context/ApplicationStartupAwareCustomizer> (0x000000061fd71ae8) 
thrown [open/src/hotspot/share/classfile/systemDictionary.cpp, line 256]
Event: 0.427 Thread 0x000000012081f000 Exception <a 'java/lang/ClassNotFoundException'{0x000000061fd76870}: org/springframework/beans/factory/AwareCustomizer> (0x000000061fd76870) 
thrown [open/src/hotspot/share/classfile/systemDictionary.cpp, line 256]
Event: 0.428 Thread 0x000000012081f000 Exception <a 'java/lang/ClassNotFoundException'{0x000000061fd7a540}: org/springframework/beans/factory/BeanClassLoaderAwareCustomizer> (0x000000061fd7a540) 
thrown [open/src/hotspot/share/classfile/systemDictionary.cpp, line 256]
Event: 0.428 Thread 0x000000012081f000 Exception <a 'java/lang/ClassNotFoundException'{0x000000061fd7f028}: org/springframework/beans/factory/AwareCustomizer> (0x000000061fd7f028) 
thrown [open/src/hotspot/share/classfile/systemDictionary.cpp, line 256]
Event: 0.428 Thread 0x000000012081f000 Exception <a 'java/lang/ClassNotFoundException'{0x000000061fd82858}: org/springframework/context/EnvironmentAwareCustomizer> (0x000000061fd82858) 
thrown [open/src/hotspot/share/classfile/systemDictionary.cpp, line 256]
Event: 0.428 Thread 0x000000012081f000 Exception <a 'java/lang/ClassNotFoundException'{0x000000061fd872d8}: org/springframework/beans/factory/AwareCustomizer> (0x000000061fd872d8) 
thrown [open/src/hotspot/share/classfile/systemDictionary.cpp, line 256]

VM Operations (20 events):
Event: 0.239 Executing VM operation: HandshakeAllThreads
Event: 0.239 Executing VM operation: HandshakeAllThreads done
Event: 0.327 Executing VM operation: ICBufferFull
Event: 0.327 Executing VM operation: ICBufferFull done
Event: 0.330 Executing VM operation: HandshakeAllThreads
Event: 0.330 Executing VM operation: HandshakeAllThreads done
Event: 0.330 Executing VM operation: G1CollectForAllocation
Event: 0.333 Executing VM operation: G1CollectForAllocation done
Event: 0.367 Executing VM operation: ICBufferFull
Event: 0.367 Executing VM operation: ICBufferFull done
Event: 0.370 Executing VM operation: HandshakeAllThreads
Event: 0.370 Executing VM operation: HandshakeAllThreads done
Event: 0.371 Executing VM operation: HandshakeAllThreads
Event: 0.371 Executing VM operation: HandshakeAllThreads done
Event: 0.413 Executing VM operation: HandshakeAllThreads
Event: 0.413 Executing VM operation: HandshakeAllThreads done
Event: 0.416 Executing VM operation: G1CollectForAllocation
Event: 0.422 Executing VM operation: G1CollectForAllocation done
Event: 0.431 Executing VM operation: HandshakeAllThreads
Event: 0.431 Executing VM operation: HandshakeAllThreads done

Events (20 events):
Event: 0.424 loading class java/beans/GenericBeanInfo
Event: 0.424 loading class java/beans/SimpleBeanInfo
Event: 0.424 loading class java/beans/SimpleBeanInfo done
Event: 0.424 loading class java/beans/GenericBeanInfo done
Event: 0.425 loading class java/util/Hashtable$EntrySet
Event: 0.425 loading class java/util/Hashtable$EntrySet done
Event: 0.435 loading class java/util/regex/Pattern$LazyLoop
Event: 0.435 loading class java/util/regex/Pattern$Loop
Event: 0.435 loading class java/util/regex/Pattern$Loop done
Event: 0.435 loading class java/util/regex/Pattern$LazyLoop done
Event: 0.435 loading class java/util/regex/Pattern$Prolog
Event: 0.435 loading class java/util/regex/Pattern$Prolog done
Event: 0.450 Thread 0x00000001200d7c00 Thread added: 0x00000001200d7c00
Event: 0.450 Protecting memory [0x0000000173498000,0x00000001734a4000] with protection modes 0
Event: 0.452 loading class javax/naming/ldap/LdapContext
Event: 0.452 loading class javax/naming/directory/DirContext
Event: 0.452 loading class javax/naming/directory/DirContext done
Event: 0.452 loading class javax/naming/ldap/LdapContext done
Event: 0.454 Protecting memory [0x0000000173498000,0x00000001734a4000] with protection modes 3
Event: 0.454 Thread 0x00000001200d7c00 Thread exited: 0x00000001200d7c00


Dynamic libraries:
0x000000010079c000 	/Library/Java/JavaVirtualMachines/jdk-17.0.4.1.jdk/Contents/Home/lib/libjli.dylib
0x000000019e6c1000 	/usr/lib/libz.1.dylib
0x000000019e778000 	/usr/lib/libSystem.B.dylib
0x000000019e772000 	/usr/lib/system/libcache.dylib
0x000000019e730000 	/usr/lib/system/libcommonCrypto.dylib
0x000000019e759000 	/usr/lib/system/libcompiler_rt.dylib
0x000000019e750000 	/usr/lib/system/libcopyfile.dylib
0x0000000193997000 	/usr/lib/system/libcorecrypto.dylib
0x0000000193a4c000 	/usr/lib/system/libdispatch.dylib
0x0000000193c1a000 	/usr/lib/system/libdyld.dylib
0x000000019e768000 	/usr/lib/system/libkeymgr.dylib
0x000000019e70b000 	/usr/lib/system/libmacho.dylib
0x000000019ddfb000 	/usr/lib/system/libquarantine.dylib
0x000000019e765000 	/usr/lib/system/libremovefile.dylib
0x0000000198d92000 	/usr/lib/system/libsystem_asl.dylib
0x0000000193939000 	/usr/lib/system/libsystem_blocks.dylib
0x0000000193ad4000 	/usr/lib/system/libsystem_c.dylib
0x000000019e75d000 	/usr/lib/system/libsystem_collections.dylib
0x000000019d290000 	/usr/lib/system/libsystem_configuration.dylib
0x000000019c4ea000 	/usr/lib/system/libsystem_containermanager.dylib
0x000000019e468000 	/usr/lib/system/libsystem_coreservices.dylib
0x000000019634b000 	/usr/lib/system/libsystem_darwin.dylib
0x000000019e769000 	/usr/lib/system/libsystem_dnssd.dylib
0x0000000193ad1000 	/usr/lib/system/libsystem_featureflags.dylib
0x0000000193c2f000 	/usr/lib/system/libsystem_info.dylib
0x000000019e6d3000 	/usr/lib/system/libsystem_m.dylib
0x0000000193a21000 	/usr/lib/system/libsystem_malloc.dylib
0x0000000198d20000 	/usr/lib/system/libsystem_networkextension.dylib
0x00000001967a4000 	/usr/lib/system/libsystem_notify.dylib
0x00000001a4acd000 	/usr/lib/system/libsystem_product_info_filter.dylib
0x000000019d295000 	/usr/lib/system/libsystem_sandbox.dylib
0x000000019e762000 	/usr/lib/system/libsystem_secinit.dylib
0x0000000193bd5000 	/usr/lib/system/libsystem_kernel.dylib
0x0000000193c27000 	/usr/lib/system/libsystem_platform.dylib
0x0000000193c0d000 	/usr/lib/system/libsystem_pthread.dylib
0x000000019a4f6000 	/usr/lib/system/libsystem_symptoms.dylib
0x000000019397d000 	/usr/lib/system/libsystem_trace.dylib
0x000000019e73d000 	/usr/lib/system/libunwind.dylib
0x000000019393b000 	/usr/lib/system/libxpc.dylib
0x0000000193bbd000 	/usr/lib/libc++abi.dylib
0x0000000193a93000 	/usr/lib/libobjc.A.dylib
0x000000019e748000 	/usr/lib/liboah.dylib
0x0000000193b56000 	/usr/lib/libc++.1.dylib
0x00000001aa5fb000 	/System/Library/Frameworks/Cocoa.framework/Versions/A/Cocoa
0x0000000196805000 	/System/Library/Frameworks/AppKit.framework/Versions/C/AppKit
0x0000000199d1c000 	/System/Library/Frameworks/CoreData.framework/Versions/A/CoreData
0x0000000194b60000 	/System/Library/Frameworks/Foundation.framework/Versions/C/Foundation
0x00000001976be000 	/System/Library/PrivateFrameworks/UIFoundation.framework/Versions/A/UIFoundation
0x00000001a47c7000 	/System/Library/PrivateFrameworks/RemoteViewServices.framework/Versions/A/RemoteViewServices
0x000000019cc38000 	/System/Library/PrivateFrameworks/XCTTargetBootstrap.framework/Versions/A/XCTTargetBootstrap
0x00000001a04b8000 	/System/Library/PrivateFrameworks/InternationalSupport.framework/Versions/A/InternationalSupport
0x00000001a0541000 	/System/Library/PrivateFrameworks/UserActivity.framework/Versions/A/UserActivity
0x000000019f9af000 	/usr/lib/libspindump.dylib
0x000000019792f000 	/System/Library/Frameworks/UniformTypeIdentifiers.framework/Versions/A/UniformTypeIdentifiers
0x000000019b180000 	/usr/lib/libapp_launch_measurement.dylib
0x000000019a6a8000 	/System/Library/PrivateFrameworks/CoreAnalytics.framework/Versions/A/CoreAnalytics
0x000000019b183000 	/System/Library/PrivateFrameworks/CoreAutoLayout.framework/Versions/A/CoreAutoLayout
0x000000019c527000 	/System/Library/Frameworks/Metal.framework/Versions/A/Metal
0x000000019d2a0000 	/usr/lib/liblangid.dylib
0x000000019cc3d000 	/System/Library/PrivateFrameworks/CoreSVG.framework/Versions/A/CoreSVG
0x0000000198dc6000 	/System/Library/PrivateFrameworks/SkyLight.framework/Versions/A/SkyLight
0x00000001991a2000 	/System/Library/Frameworks/CoreGraphics.framework/Versions/A/CoreGraphics
0x00000001a4e93000 	/System/Library/Frameworks/Accelerate.framework/Versions/A/Accelerate
0x000000019f426000 	/System/Library/PrivateFrameworks/IconServices.framework/Versions/A/IconServices
0x000000019c509000 	/System/Library/Frameworks/IOSurface.framework/Versions/A/IOSurface
0x000000019a6d9000 	/usr/lib/libDiagnosticMessagesClient.dylib
0x00000001a8398000 	/System/Library/Frameworks/ApplicationServices.framework/Versions/A/ApplicationServices
0x000000019cc20000 	/System/Library/PrivateFrameworks/DFRFoundation.framework/Versions/A/DFRFoundation
0x0000000196095000 	/usr/lib/libicucore.A.dylib
0x00000001a1366000 	/System/Library/Frameworks/AudioToolbox.framework/Versions/A/AudioToolbox
0x00000001a04c4000 	/System/Library/PrivateFrameworks/DataDetectorsCore.framework/Versions/A/DataDetectorsCore
0x00000001b6ee4000 	/System/Library/PrivateFrameworks/TextInput.framework/Versions/A/TextInput
0x0000000198d3b000 	/usr/lib/libMobileGestalt.dylib
0x000000019c8ec000 	/System/Library/Frameworks/Carbon.framework/Versions/A/Frameworks/HIToolbox.framework/Versions/A/HIToolbox
0x000000019ab59000 	/System/Library/Frameworks/QuartzCore.framework/Versions/A/QuartzCore
0x0000000195d16000 	/System/Library/Frameworks/Security.framework/Versions/A/Security
0x00000001a4807000 	/System/Library/Frameworks/Carbon.framework/Versions/A/Frameworks/SpeechRecognition.framework/Versions/A/SpeechRecognition
0x000000019aed5000 	/System/Library/PrivateFrameworks/CoreUI.framework/Versions/A/CoreUI
0x00000001955f2000 	/System/Library/Frameworks/CoreAudio.framework/Versions/A/CoreAudio
0x000000019a7cd000 	/System/Library/Frameworks/DiskArbitration.framework/Versions/A/DiskArbitration
0x000000019fdb9000 	/System/Library/PrivateFrameworks/MultitouchSupport.framework/Versions/A/MultitouchSupport
0x0000000198d39000 	/usr/lib/libenergytrace.dylib
0x00000001966cd000 	/System/Library/Frameworks/IOKit.framework/Versions/A/IOKit
0x00000001a4bf6000 	/System/Library/Frameworks/CoreServices.framework/Versions/A/CoreServices
0x000000019b110000 	/System/Library/PrivateFrameworks/PerformanceAnalysis.framework/Versions/A/PerformanceAnalysis
0x00000001f538f000 	/System/Library/Frameworks/OpenGL.framework/Versions/A/OpenGL
0x000000019dd13000 	/System/Library/PrivateFrameworks/MobileKeyBag.framework/Versions/A/MobileKeyBag
0x00000001997b0000 	/System/Library/Frameworks/ColorSync.framework/Versions/A/ColorSync
0x0000000193c5c000 	/System/Library/Frameworks/CoreFoundation.framework/Versions/A/CoreFoundation
0x000000019cebc000 	/System/Library/Frameworks/CoreImage.framework/Versions/A/CoreImage
0x0000000195416000 	/System/Library/Frameworks/CoreText.framework/Versions/A/CoreText
0x000000019cc6d000 	/System/Library/Frameworks/ImageIO.framework/Versions/A/ImageIO
0x000000019e77e000 	/System/Library/PrivateFrameworks/SoftLinking.framework/Versions/A/SoftLinking
0x000000019b1ce000 	/usr/lib/libxml2.2.dylib
0x000000019ea17000 	/usr/lib/libcompression.dylib
0x00000001a0414000 	/System/Library/PrivateFrameworks/TextureIO.framework/Versions/A/TextureIO
0x000000019f13f000 	/usr/lib/libate.dylib
0x000000019f004000 	/usr/lib/liblzma.5.dylib
0x0000000194853000 	/System/Library/Frameworks/SystemConfiguration.framework/Versions/A/SystemConfiguration
0x000000019e77a000 	/usr/lib/libfakelink.dylib
0x000000019886b000 	/System/Library/Frameworks/CFNetwork.framework/Versions/A/CFNetwork
0x000000019e8c0000 	/usr/lib/libarchive.2.dylib
0x000000019d29c000 	/System/Library/PrivateFrameworks/AppleSystemInfo.framework/Versions/A/AppleSystemInfo
0x000000019de26000 	/usr/lib/libbsm.0.dylib
0x0000000197dd8000 	/usr/lib/libnetwork.dylib
0x000000019e714000 	/usr/lib/system/libkxld.dylib
0x000000019da40000 	/System/Library/PrivateFrameworks/IOMobileFramebuffer.framework/Versions/A/IOMobileFramebuffer
0x0000000213779000 	/usr/lib/libCoreEntitlements.dylib
0x000000019e44a000 	/System/Library/PrivateFrameworks/AppleFSCompression.framework/Versions/A/AppleFSCompression
0x000000019de0e000 	/usr/lib/libcoretls.dylib
0x000000019f01d000 	/usr/lib/libcoretls_cfhelpers.dylib
0x000000019ea12000 	/usr/lib/libpam.2.dylib
0x000000019a10c000 	/usr/lib/libsqlite3.dylib
0x000000019f086000 	/usr/lib/libxar.1.dylib
0x000000019e45b000 	/usr/lib/libbz2.1.0.dylib
0x000000019e77f000 	/usr/lib/libpcap.A.dylib
0x000000019a4ed000 	/usr/lib/libdns_services.dylib
0x000000019e9e5000 	/usr/lib/libapple_nghttp2.dylib
0x000000019e7bc000 	/usr/lib/libiconv.2.dylib
0x000000019e70a000 	/usr/lib/libcharset.1.dylib
0x000000019b14c000 	/System/Library/Frameworks/CoreServices.framework/Versions/A/Frameworks/FSEvents.framework/Versions/A/FSEvents
0x0000000196356000 	/System/Library/Frameworks/CoreServices.framework/Versions/A/Frameworks/CarbonCore.framework/Versions/A/CarbonCore
0x000000019a72d000 	/System/Library/Frameworks/CoreServices.framework/Versions/A/Frameworks/Metadata.framework/Versions/A/Metadata
0x000000019e46e000 	/System/Library/Frameworks/CoreServices.framework/Versions/A/Frameworks/OSServices.framework/Versions/A/OSServices
0x000000019e946000 	/System/Library/Frameworks/CoreServices.framework/Versions/A/Frameworks/SearchKit.framework/Versions/A/SearchKit
0x000000019a47b000 	/System/Library/Frameworks/CoreServices.framework/Versions/A/Frameworks/AE.framework/Versions/A/AE
0x00000001941a3000 	/System/Library/Frameworks/CoreServices.framework/Versions/A/Frameworks/LaunchServices.framework/Versions/A/LaunchServices
0x000000019efad000 	/System/Library/Frameworks/CoreServices.framework/Versions/A/Frameworks/DictionaryServices.framework/Versions/A/DictionaryServices
0x000000019b159000 	/System/Library/Frameworks/CoreServices.framework/Versions/A/Frameworks/SharedFileList.framework/Versions/A/SharedFileList
0x000000019ddfe000 	/usr/lib/libCheckFix.dylib
0x0000000198daa000 	/System/Library/PrivateFrameworks/TCC.framework/Versions/A/TCC
0x000000019d2a2000 	/System/Library/PrivateFrameworks/CoreNLP.framework/Versions/A/CoreNLP
0x000000019a6dc000 	/System/Library/PrivateFrameworks/MetadataUtilities.framework/Versions/A/MetadataUtilities
0x000000019490d000 	/usr/lib/libmecabra.dylib
0x000000019de37000 	/usr/lib/libmecab.dylib
0x00000001948d9000 	/usr/lib/libCRFSuite.dylib
0x000000019de94000 	/usr/lib/libgermantok.dylib
0x000000019e9be000 	/usr/lib/libThaiTokenizer.dylib
0x000000019a7d5000 	/System/Library/Frameworks/Accelerate.framework/Versions/A/Frameworks/vImage.framework/Versions/A/vImage
0x00000001a4bcd000 	/System/Library/Frameworks/Accelerate.framework/Versions/A/Frameworks/vecLib.framework/Versions/A/vecLib
0x000000019f0cb000 	/System/Library/Frameworks/Accelerate.framework/Versions/A/Frameworks/vecLib.framework/Versions/A/libvMisc.dylib
0x000000019d947000 	/System/Library/Frameworks/Accelerate.framework/Versions/A/Frameworks/vecLib.framework/Versions/A/libvDSP.dylib
0x000000019452e000 	/System/Library/Frameworks/Accelerate.framework/Versions/A/Frameworks/vecLib.framework/Versions/A/libBLAS.dylib
0x000000019eae8000 	/System/Library/Frameworks/Accelerate.framework/Versions/A/Frameworks/vecLib.framework/Versions/A/libLAPACK.dylib
0x000000019de97000 	/System/Library/Frameworks/Accelerate.framework/Versions/A/Frameworks/vecLib.framework/Versions/A/libLinearAlgebra.dylib
0x000000019e9fd000 	/System/Library/Frameworks/Accelerate.framework/Versions/A/Frameworks/vecLib.framework/Versions/A/libSparseBLAS.dylib
0x000000019eae3000 	/System/Library/Frameworks/Accelerate.framework/Versions/A/Frameworks/vecLib.framework/Versions/A/libQuadrature.dylib
0x000000019d39b000 	/System/Library/Frameworks/Accelerate.framework/Versions/A/Frameworks/vecLib.framework/Versions/A/libBNNS.dylib
0x00000001947ec000 	/System/Library/Frameworks/Accelerate.framework/Versions/A/Frameworks/vecLib.framework/Versions/A/libSparse.dylib
0x000000019d393000 	/System/Library/PrivateFrameworks/LinguisticData.framework/Versions/A/LinguisticData
0x00000001947a4000 	/System/Library/PrivateFrameworks/Lexicon.framework/Versions/A/Lexicon
0x000000019f0c3000 	/usr/lib/libChineseTokenizer.dylib
0x0000000194f52000 	/System/Library/PrivateFrameworks/LanguageModeling.framework/Versions/A/LanguageModeling
0x000000019e9c0000 	/System/Library/PrivateFrameworks/AppleSauce.framework/Versions/A/AppleSauce
0x000000019da2d000 	/System/Library/PrivateFrameworks/CoreEmoji.framework/Versions/A/CoreEmoji
0x000000019e8ae000 	/usr/lib/libcmph.dylib
0x000000019b12c000 	/System/Library/Frameworks/OpenDirectory.framework/Versions/A/Frameworks/CFOpenDirectory.framework/Versions/A/CFOpenDirectory
0x000000019b11c000 	/System/Library/Frameworks/OpenDirectory.framework/Versions/A/OpenDirectory
0x000000019f01f000 	/System/Library/PrivateFrameworks/APFS.framework/Versions/A/APFS
0x000000019dd4e000 	/System/Library/Frameworks/SecurityFoundation.framework/Versions/A/SecurityFoundation
0x000000019f095000 	/usr/lib/libutil.dylib
0x000000019668f000 	/System/Library/PrivateFrameworks/CoreServicesStore.framework/Versions/A/CoreServicesStore
0x000000019f099000 	/usr/lib/libxslt.1.dylib
0x000000019dde2000 	/System/Library/PrivateFrameworks/BackgroundTaskManagement.framework/Versions/A/BackgroundTaskManagement
0x00000001a0335000 	/System/Library/Frameworks/ImageIO.framework/Versions/A/Resources/libRadiance.dylib
0x00000001a033e000 	/System/Library/Frameworks/ImageIO.framework/Versions/A/Resources/libJPEG.dylib
0x00000001a0291000 	/System/Library/Frameworks/ImageIO.framework/Versions/A/Resources/libPng.dylib
0x00000001a02b3000 	/System/Library/Frameworks/ImageIO.framework/Versions/A/Resources/libTIFF.dylib
0x00000001a0399000 	/System/Library/Frameworks/ImageIO.framework/Versions/A/Resources/libGIF.dylib
0x000000019fcc9000 	/System/Library/Frameworks/ImageIO.framework/Versions/A/Resources/libJP2.dylib
0x000000019f3eb000 	/usr/lib/libexpat.1.dylib
0x000000019fc84000 	/System/Library/PrivateFrameworks/AppleJPEG.framework/Versions/A/AppleJPEG
0x000000019c7a8000 	/System/Library/PrivateFrameworks/FontServices.framework/libFontParser.dylib
0x000000019a420000 	/System/Library/PrivateFrameworks/RunningBoardServices.framework/Versions/A/RunningBoardServices
0x00000001aacd2000 	/System/Library/PrivateFrameworks/IOSurfaceAccelerator.framework/Versions/A/IOSurfaceAccelerator
0x000000019fdb5000 	/System/Library/PrivateFrameworks/WatchdogClient.framework/Versions/A/WatchdogClient
0x0000000195052000 	/System/Library/Frameworks/CoreDisplay.framework/Versions/A/CoreDisplay
0x000000019c692000 	/System/Library/Frameworks/CoreMedia.framework/Versions/A/CoreMedia
0x000000019c51d000 	/System/Library/PrivateFrameworks/IOAccelerator.framework/Versions/A/IOAccelerator
0x000000019b2bc000 	/System/Library/Frameworks/CoreVideo.framework/Versions/A/CoreVideo
0x000000019ea10000 	/System/Library/Frameworks/MetalPerformanceShaders.framework/Versions/A/MetalPerformanceShaders
0x000000019fdf4000 	/System/Library/Frameworks/VideoToolbox.framework/Versions/A/VideoToolbox
0x000000019a364000 	/System/Library/PrivateFrameworks/BaseBoard.framework/Versions/A/BaseBoard
0x000000019a0f2000 	/System/Library/PrivateFrameworks/ProtocolBuffer.framework/Versions/A/ProtocolBuffer
0x00000001a0330000 	/System/Library/PrivateFrameworks/GPUWrangler.framework/Versions/A/GPUWrangler
0x00000001a0310000 	/System/Library/PrivateFrameworks/IOPresentment.framework/Versions/A/IOPresentment
0x00000001a0338000 	/System/Library/PrivateFrameworks/DSExternalDisplay.framework/Versions/A/DSExternalDisplay
0x00000001f5382000 	/System/Library/Frameworks/OpenGL.framework/Versions/A/Libraries/libCoreFSCache.dylib
0x000000020024c000 	/System/Library/PrivateFrameworks/GPUCompiler.framework/Versions/31001/Libraries/libGPUCompilerUtils.dylib
0x00000001a039e000 	/System/Library/PrivateFrameworks/CMCaptureCore.framework/Versions/A/CMCaptureCore
0x000000019f99c000 	/System/Library/PrivateFrameworks/AppServerSupport.framework/Versions/A/AppServerSupport
0x00000001a1c24000 	/System/Library/PrivateFrameworks/perfdata.framework/Versions/A/perfdata
0x0000000195172000 	/System/Library/PrivateFrameworks/AudioToolboxCore.framework/Versions/A/AudioToolboxCore
0x000000019c66b000 	/System/Library/PrivateFrameworks/caulk.framework/Versions/A/caulk
0x00000001a1519000 	/usr/lib/libAudioStatistics.dylib
0x00000001b3537000 	/System/Library/PrivateFrameworks/SystemPolicy.framework/Versions/A/SystemPolicy
0x00000001a1785000 	/usr/lib/libSMC.dylib
0x00000001aa4d9000 	/System/Library/Frameworks/CoreMIDI.framework/Versions/A/CoreMIDI
0x00000001a025f000 	/usr/lib/libAudioToolboxUtility.dylib
0x00000001af69a000 	/System/Library/PrivateFrameworks/OSAServicesClient.framework/Versions/A/OSAServicesClient
0x00000001a1c31000 	/usr/lib/libperfcheck.dylib
0x00000001b4056000 	/usr/lib/libmis.dylib
0x00000001f53e4000 	/System/Library/Frameworks/OpenGL.framework/Versions/A/Libraries/libGLU.dylib
0x00000001f53a3000 	/System/Library/Frameworks/OpenGL.framework/Versions/A/Libraries/libGFXShared.dylib
0x00000001f5590000 	/System/Library/Frameworks/OpenGL.framework/Versions/A/Libraries/libGL.dylib
0x00000001f53ac000 	/System/Library/Frameworks/OpenGL.framework/Versions/A/Libraries/libGLImage.dylib
0x00000001f53a0000 	/System/Library/Frameworks/OpenGL.framework/Versions/A/Libraries/libCVMSPluginSupport.dylib
0x00000001f5389000 	/System/Library/Frameworks/OpenGL.framework/Versions/A/Libraries/libCoreVMClient.dylib
0x000000019d21c000 	/System/Library/Frameworks/MetalPerformanceShaders.framework/Versions/A/Frameworks/MPSCore.framework/Versions/A/MPSCore
0x000000019e3bd000 	/System/Library/Frameworks/MetalPerformanceShaders.framework/Versions/A/Frameworks/MPSImage.framework/Versions/A/MPSImage
0x000000019deac000 	/System/Library/Frameworks/MetalPerformanceShaders.framework/Versions/A/Frameworks/MPSNeuralNetwork.framework/Versions/A/MPSNeuralNetwork
0x000000019e2e5000 	/System/Library/Frameworks/MetalPerformanceShaders.framework/Versions/A/Frameworks/MPSMatrix.framework/Versions/A/MPSMatrix
0x000000019e0be000 	/System/Library/Frameworks/MetalPerformanceShaders.framework/Versions/A/Frameworks/MPSRayIntersector.framework/Versions/A/MPSRayIntersector
0x000000019e316000 	/System/Library/Frameworks/MetalPerformanceShaders.framework/Versions/A/Frameworks/MPSNDArray.framework/Versions/A/MPSNDArray
0x00000001f7e8b000 	/System/Library/Frameworks/MetalPerformanceShaders.framework/Versions/A/Frameworks/MPSFunctions.framework/Versions/A/MPSFunctions
0x0000000194404000 	/System/Library/PrivateFrameworks/MetalTools.framework/Versions/A/MetalTools
0x000000019d29a000 	/System/Library/PrivateFrameworks/AggregateDictionary.framework/Versions/A/AggregateDictionary
0x000000019f1d0000 	/usr/lib/libIOReport.dylib
0x00000001a94f2000 	/System/Library/PrivateFrameworks/ASEProcessing.framework/Versions/A/ASEProcessing
0x000000019f545000 	/System/Library/PrivateFrameworks/FaceCore.framework/Versions/A/FaceCore
0x000000019f537000 	/System/Library/PrivateFrameworks/GraphVisualizer.framework/Versions/A/GraphVisualizer
0x0000000200163000 	/System/Library/PrivateFrameworks/FontServices.framework/Versions/A/FontServices
0x000000019f958000 	/System/Library/PrivateFrameworks/OTSVG.framework/Versions/A/OTSVG
0x000000019ae85000 	/System/Library/Frameworks/ApplicationServices.framework/Versions/A/Frameworks/ATS.framework/Versions/A/Resources/libFontRegistry.dylib
0x000000019f9a5000 	/System/Library/PrivateFrameworks/FontServices.framework/libhvf.dylib
0x0000000200164000 	/System/Library/PrivateFrameworks/FontServices.framework/libXTFontStaticRegistryData.dylib
0x00000001f5731000 	/System/Library/Frameworks/OpenCL.framework/Versions/A/OpenCL
0x000000019f39f000 	/System/Library/PrivateFrameworks/AppleVA.framework/Versions/A/AppleVA
0x00000001a1541000 	/System/Library/Frameworks/ApplicationServices.framework/Versions/A/Frameworks/ATS.framework/Versions/A/ATS
0x00000001998af000 	/System/Library/Frameworks/ApplicationServices.framework/Versions/A/Frameworks/HIServices.framework/Versions/A/HIServices
0x00000001a03a8000 	/System/Library/Frameworks/ApplicationServices.framework/Versions/A/Frameworks/PrintCore.framework/Versions/A/PrintCore
0x00000001a18d8000 	/System/Library/Frameworks/ApplicationServices.framework/Versions/A/Frameworks/QD.framework/Versions/A/QD
0x00000001a18d0000 	/System/Library/Frameworks/ApplicationServices.framework/Versions/A/Frameworks/ColorSyncLegacy.framework/Versions/A/ColorSyncLegacy
0x00000001a152d000 	/System/Library/Frameworks/ApplicationServices.framework/Versions/A/Frameworks/SpeechSynthesis.framework/Versions/A/SpeechSynthesis
0x00000001a0369000 	/System/Library/Frameworks/ApplicationServices.framework/Versions/A/Frameworks/ATSUI.framework/Versions/A/ATSUI
0x00000001a1865000 	/usr/lib/libcups.2.dylib
0x00000001a1c3f000 	/System/Library/Frameworks/Kerberos.framework/Versions/A/Kerberos
0x00000001a1c50000 	/System/Library/Frameworks/GSS.framework/Versions/A/GSS
0x00000001a15b1000 	/usr/lib/libresolv.9.dylib
0x000000019f9b4000 	/System/Library/PrivateFrameworks/Heimdal.framework/Versions/A/Heimdal
0x00000001a8728000 	/System/Library/Frameworks/Kerberos.framework/Versions/A/Libraries/libHeimdalProxy.dylib
0x000000019a4ff000 	/System/Library/Frameworks/Network.framework/Versions/A/Network
0x000000019f406000 	/usr/lib/libheimdal-asn1.dylib
0x00000001a1ca0000 	/System/Library/PrivateFrameworks/CommonAuth.framework/Versions/A/CommonAuth
0x00000001a14a7000 	/System/Library/PrivateFrameworks/AudioSession.framework/Versions/A/AudioSession
0x000000019f498000 	/System/Library/PrivateFrameworks/MediaExperience.framework/Versions/A/MediaExperience
0x00000001a132c000 	/System/Library/PrivateFrameworks/AudioSession.framework/libSessionUtility.dylib
0x00000001a18e4000 	/System/Library/PrivateFrameworks/AudioResourceArbitration.framework/Versions/A/AudioResourceArbitration
0x00000001a5aaa000 	/System/Library/PrivateFrameworks/PowerLog.framework/Versions/A/PowerLog
0x000000019f410000 	/System/Library/PrivateFrameworks/IconFoundation.framework/Versions/A/IconFoundation
0x00000001a47f3000 	/System/Library/PrivateFrameworks/SpeechRecognitionCore.framework/Versions/A/SpeechRecognitionCore
0x00000001018dc000 	/Library/Java/JavaVirtualMachines/jdk-17.0.4.1.jdk/Contents/Home/lib/server/libjvm.dylib
0x0000000100800000 	/Library/Java/JavaVirtualMachines/jdk-17.0.4.1.jdk/Contents/Home/lib/libjimage.dylib
0x000000010082c000 	/Library/Java/JavaVirtualMachines/jdk-17.0.4.1.jdk/Contents/Home/lib/libinstrument.dylib
0x0000000100878000 	/Library/Java/JavaVirtualMachines/jdk-17.0.4.1.jdk/Contents/Home/lib/libjava.dylib
0x000000010085c000 	/Library/Java/JavaVirtualMachines/jdk-17.0.4.1.jdk/Contents/Home/lib/libzip.dylib
0x000000010090c000 	/Library/Java/JavaVirtualMachines/jdk-17.0.4.1.jdk/Contents/Home/lib/libnio.dylib
0x0000000101600000 	/Library/Java/JavaVirtualMachines/jdk-17.0.4.1.jdk/Contents/Home/lib/libnet.dylib
0x00000001008ec000 	/Library/Java/JavaVirtualMachines/jdk-17.0.4.1.jdk/Contents/Home/lib/libextnet.dylib
0x0000000100acc000 	/Library/Java/JavaVirtualMachines/jdk-17.0.4.1.jdk/Contents/Home/lib/libmanagement.dylib
0x0000000100ae0000 	/Library/Java/JavaVirtualMachines/jdk-17.0.4.1.jdk/Contents/Home/lib/libmanagement_ext.dylib


VM Arguments:
jvm_args: -XX:TieredStopAtLevel=1 -Xverify:none -Dspring.output.ansi.enabled=always -javaagent:/Applications/IntelliJ IDEA.app/Contents/lib/idea_rt.jar=61894:/Applications/IntelliJ IDEA.app/Contents/bin -Dcom.sun.management.jmxremote -Dspring.jmx.enabled=true -Dspring.liveBeansView.mbeanDomain -Dspring.application.admin.enabled=true -Dfile.encoding=UTF-8 
java_command: com.example.demo.DemoApplication
java_class_path (initial): /Users/dpopov/Documents/TWENTE/Design Project/demo/target/classes:/Users/dpopov/.m2/repository/org/springframework/boot/spring-boot-starter-web/2.7.3/spring-boot-starter-web-2.7.3.jar:/Users/dpopov/.m2/repository/org/springframework/boot/spring-boot-starter/2.7.3/spring-boot-starter-2.7.3.jar:/Users/dpopov/.m2/repository/org/springframework/boot/spring-boot/2.7.3/spring-boot-2.7.3.jar:/Users/dpopov/.m2/repository/org/springframework/boot/spring-boot-autoconfigure/2.7.3/spring-boot-autoconfigure-2.7.3.jar:/Users/dpopov/.m2/repository/org/springframework/boot/spring-boot-starter-logging/2.7.3/spring-boot-starter-logging-2.7.3.jar:/Users/dpopov/.m2/repository/ch/qos/logback/logback-classic/1.2.11/logback-classic-1.2.11.jar:/Users/dpopov/.m2/repository/ch/qos/logback/logback-core/1.2.11/logback-core-1.2.11.jar:/Users/dpopov/.m2/repository/org/apache/logging/log4j/log4j-to-slf4j/2.17.2/log4j-to-slf4j-2.17.2.jar:/Users/dpopov/.m2/repository/org/apache/logging/log4j/log4j-api/2.17.2/log4j-api-2.17.2.jar:/Users/dpopov/.m2/repository/org/slf4j/jul-to-slf4j/1.7.36/jul-to-slf4j-1.7.36.jar:/Users/dpopov/.m2/repository/jakarta/annotation/jakarta.annotation-api/1.3.5/jakarta.annotation-api-1.3.5.jar:/Users/dpopov/.m2/repository/org/yaml/snakeyaml/1.30/snakeyaml-1.30.jar:/Users/dpopov/.m2/repository/org/springframework/boot/spring-boot-starter-json/2.7.3/spring-boot-starter-json-2.7.3.jar:/Users/dpopov/.m2/repository/com/fasterxml/jackson/core/jackson-databind/2.13.3/jackson-databind-2.13.3.jar:/Users/dpopov/.m2/repository/com/fasterxml/jackson/core/jackson-annotations/2.13.3/jackson-annotations-2.13.3.jar:/Users/dpopov/.m2/repository/com/fasterxml/jackson/core/jackson-core/2.13.3/jackson-core-2.13.3.jar:/Users/dpopov/.m2/repository/com/fasterxml/jackson/datatype/jackson-datatype-jdk8/2.13.3/jackson-datatype-jdk8-2.13.3.jar:/Users/dpopov/.m2/repository/com/fasterxml/jackson/datatype/jackson-datatype-jsr310/2.13.3/jackson-datatype-jsr310-2.13.3.jar:/Use
Launcher Type: SUN_STANDARD

[Global flags]
     intx CICompilerCount                          = 4                                         {product} {ergonomic}
     uint ConcGCThreads                            = 2                                         {product} {ergonomic}
     uint G1ConcRefinementThreads                  = 9                                         {product} {ergonomic}
   size_t G1HeapRegionSize                         = 4194304                                   {product} {ergonomic}
    uintx GCDrainStackTargetSize                   = 64                                        {product} {ergonomic}
   size_t InitialHeapSize                          = 536870912                                 {product} {ergonomic}
     bool ManagementServer                         = true                                      {product} {command line}
   size_t MarkStackSize                            = 4194304                                   {product} {ergonomic}
   size_t MaxHeapSize                              = 8589934592                                {product} {ergonomic}
   size_t MaxNewSize                               = 5150605312                                {product} {ergonomic}
   size_t MinHeapDeltaBytes                        = 4194304                                   {product} {ergonomic}
   size_t MinHeapSize                              = 8388608                                   {product} {ergonomic}
    uintx NonProfiledCodeHeapSize                  = 0                                      {pd product} {ergonomic}
     bool ProfileInterpreter                       = false                                  {pd product} {command line}
    uintx ProfiledCodeHeapSize                     = 0                                      {pd product} {ergonomic}
   size_t SoftMaxHeapSize                          = 8589934592                             {manageable} {ergonomic}
     intx TieredStopAtLevel                        = 1                                         {product} {command line}
     bool UseCompressedClassPointers               = true                           {product lp64_product} {ergonomic}
     bool UseCompressedOops                        = true                           {product lp64_product} {ergonomic}
     bool UseG1GC                                  = true                                      {product} {ergonomic}
     bool UseNUMA                                  = false                                     {product} {ergonomic}
     bool UseNUMAInterleaving                      = false                                     {product} {ergonomic}

Logging:
Log output configuration:
 #0: stdout all=warning uptime,level,tags
 #1: stderr all=off uptime,level,tags

Environment Variables:
PATH=/Library/Frameworks/Python.framework/Versions/3.10/bin:/Users/dpopov/opt/anaconda3/bin:/Users/dpopov/opt/anaconda3/condabin:/Library/Frameworks/Python.framework/Versions/3.9/bin:/usr/local/bin:/usr/bin:/bin:/usr/sbin:/sbin:/Library/Apple/usr/bin
SHELL=/bin/bash
LC_CTYPE=UTF-8

Signal Handlers:
   SIGSEGV: _ZL13crash_handleriP9__siginfoPv in libjvm.dylib, mask=11100110000111110111111111111111, flags=SA_RESTART|SA_SIGINFO
    SIGBUS: _ZL13crash_handleriP9__siginfoPv in libjvm.dylib, mask=11100110000111110111111111111111, flags=SA_RESTART|SA_SIGINFO
    SIGFPE: _ZL13crash_handleriP9__siginfoPv in libjvm.dylib, mask=11100110000111110111111111111111, flags=SA_RESTART|SA_SIGINFO
   SIGPIPE: _ZL17javaSignalHandleriP9__siginfoPv in libjvm.dylib, mask=11100110000111110111111111111111, flags=SA_RESTART|SA_SIGINFO
   SIGXFSZ: _ZL17javaSignalHandleriP9__siginfoPv in libjvm.dylib, mask=11100110000111110111111111111111, flags=SA_RESTART|SA_SIGINFO
    SIGILL: _ZL13crash_handleriP9__siginfoPv in libjvm.dylib, mask=11100110000111110111111111111111, flags=SA_RESTART|SA_SIGINFO
   SIGUSR2: _ZL10SR_handleriP9__siginfoP17__darwin_ucontext in libjvm.dylib, mask=00100000000000000000000000000000, flags=SA_RESTART|SA_SIGINFO
    SIGHUP: _ZL11UserHandleriPvS_ in libjvm.dylib, mask=11100110000111110111111111111111, flags=SA_RESTART|SA_SIGINFO
    SIGINT: _ZL11UserHandleriPvS_ in libjvm.dylib, mask=11100110000111110111111111111111, flags=SA_RESTART|SA_SIGINFO
   SIGTERM: _ZL11UserHandleriPvS_ in libjvm.dylib, mask=11100110000111110111111111111111, flags=SA_RESTART|SA_SIGINFO
   SIGQUIT: _ZL11UserHandleriPvS_ in libjvm.dylib, mask=11100110000111110111111111111111, flags=SA_RESTART|SA_SIGINFO
   SIGTRAP: _ZL13crash_handleriP9__siginfoPv in libjvm.dylib, mask=11100110000111110111111111111111, flags=SA_RESTART|SA_SIGINFO


---------------  S Y S T E M  ---------------

OS:
uname: Darwin 21.6.0 Darwin Kernel Version 21.6.0: Wed Aug 10 14:28:23 PDT 2022; root:xnu-8020.141.5~2/RELEASE_ARM64_T6000 arm64
OS uptime: 1 days 1:16 hours
rlimit (soft/hard): STACK 8176k/65520k , CORE 0k/infinity , NPROC 5333/8000 , NOFILE 10240/infinity , AS infinity/infinity , CPU infinity/infinity , DATA infinity/infinity , FSIZE infinity/infinity , MEMLOCK infinity/infinity , RSS infinity/infinity
load average: 2.86 2.97 2.90

CPU: total 10 (initial active 10) 0x61:0x0:0x1b588bb3:0, fp, simd, crc, lse

Memory: 16k page, physical 33554432k(330768k free), swap 0k(0k free)

vm_info: Java HotSpot(TM) 64-Bit Server VM (17.0.4.1+1-LTS-2) for bsd-aarch64 JRE (17.0.4.1+1-LTS-2), built on Aug 16 2022 17:31:30 by "mach5one" with clang Apple LLVM 12.0.0 (clang-1200.0.32.29)

END.
